{"timestamp": "2026-03-19T15:43:10.625590+00:00", "level": "INFO", "message": "Worker started", "supabase_url": "https://hppeuzpgmywjniidqatw.supabase.co", "legacy_google_sheets_enabled": false}
{"timestamp": "2026-03-19T15:43:12.301519+00:00", "level": "INFO", "message": "Worker heartbeat", "status": "online", "poll_seconds": 5, "requests_per_cycle": 10}
{"timestamp": "2026-03-19T15:44:13.784379+00:00", "level": "INFO", "message": "Worker heartbeat", "status": "online", "poll_seconds": 5, "requests_per_cycle": 10}
{"timestamp": "2026-03-19T15:45:15.851030+00:00", "level": "INFO", "message": "Worker heartbeat", "status": "online", "poll_seconds": 5, "requests_per_cycle": 10}
{"timestamp": "2026-03-19T15:45:40.139498+00:00", "level": "INFO", "message": "Quote response published to internal chat", "request_id": "CT-260319154517", "request_quote_id": "e226bce1-7004-4704-bfa2-e424c779b10a", "thread_id": "3a40ebfd-ac42-4bd4-a81c-cd7afdb16bbd"}
{"timestamp": "2026-03-19T15:45:40.140507+00:00", "level": "INFO", "message": "Request quoted successfully", "request_id": "CT-260319154517", "request_quote_id": "e226bce1-7004-4704-bfa2-e424c779b10a", "item_count": 1, "ai_provider": "template"}
{"timestamp": "2026-03-19T15:46:20.743433+00:00", "level": "INFO", "message": "Worker heartbeat", "status": "online", "poll_seconds": 5, "requests_per_cycle": 10}
{"timestamp": "2026-03-19T15:47:21.657747+00:00", "level": "INFO", "message": "Worker heartbeat", "status": "online", "poll_seconds": 5, "requests_per_cycle": 10}
{"timestamp": "2026-03-19T15:48:22.455689+00:00", "level": "INFO", "message": "Worker heartbeat", "status": "online", "poll_seconds": 5, "requests_per_cycle": 10}
{"timestamp": "2026-03-19T15:49:23.376163+00:00", "level": "INFO", "message": "Worker heartbeat", "status": "online", "poll_seconds": 5, "requests_per_cycle": 10}
{"timestamp": "2026-03-19T15:50:24.110426+00:00", "level": "INFO", "message": "Worker heartbeat", "status": "online", "poll_seconds": 5, "requests_per_cycle": 10}
{"timestamp": "2026-03-19T15:51:25.222274+00:00", "level": "INFO", "message": "Worker heartbeat", "status": "online", "poll_seconds": 5, "requests_per_cycle": 10}
{"timestamp": "2026-03-19T15:52:27.150256+00:00", "level": "INFO", "message": "Worker heartbeat", "status": "online", "poll_seconds": 5, "requests_per_cycle": 10}
{"timestamp": "2026-03-19T15:53:29.009031+00:00", "level": "INFO", "message": "Worker heartbeat", "status": "online", "poll_seconds": 5, "requests_per_cycle": 10}
{"timestamp": "2026-03-19T15:54:29.835715+00:00", "level": "INFO", "message": "Worker heartbeat", "status": "online", "poll_seconds": 5, "requests_per_cycle": 10}
{"timestamp": "2026-03-19T15:55:30.630164+00:00", "level": "INFO", "message": "Worker heartbeat", "status": "online", "poll_seconds": 5, "requests_per_cycle": 10}
{"timestamp": "2026-03-19T15:56:31.357859+00:00", "level": "INFO", "message": "Worker heartbeat", "status": "online", "poll_seconds": 5, "requests_per_cycle": 10}
{"timestamp": "2026-03-19T15:57:32.224826+00:00", "level": "INFO", "message": "Worker heartbeat", "status": "online", "poll_seconds": 5, "requests_per_cycle": 10}
{"timestamp": "2026-03-19T15:58:36.773061+00:00", "level": "INFO", "message": "Worker heartbeat", "status": "online", "poll_seconds": 5, "requests_per_cycle": 10}
{"timestamp": "2026-03-19T15:59:37.904716+00:00", "level": "INFO", "message": "Worker heartbeat", "status": "online", "poll_seconds": 5, "requests_per_cycle": 10}
{"timestamp": "2026-03-19T16:00:38.785106+00:00", "level": "INFO", "message": "Worker heartbeat", "status": "online", "poll_seconds": 5, "requests_per_cycle": 10}
{"timestamp": "2026-03-19T16:01:41.688691+00:00", "level": "INFO", "message": "Worker heartbeat", "status": "online", "poll_seconds": 5, "requests_per_cycle": 10}
{"timestamp": "2026-03-19T16:02:42.477518+00:00", "level": "INFO", "message": "Worker heartbeat", "status": "online", "poll_seconds": 5, "requests_per_cycle": 10}
{"timestamp": "2026-03-19T16:03:43.643532+00:00", "level": "INFO", "message": "Worker heartbeat", "status": "online", "poll_seconds": 5, "requests_per_cycle": 10}
{"timestamp": "2026-03-19T16:04:44.350248+00:00", "level": "INFO", "message": "Worker heartbeat", "status": "online", "poll_seconds": 5, "requests_per_cycle": 10}
{"timestamp": "2026-03-19T16:05:45.266597+00:00", "level": "INFO", "message": "Worker heartbeat", "status": "online", "poll_seconds": 5, "requests_per_cycle": 10}
{"timestamp": "2026-03-19T16:06:46.019044+00:00", "level": "INFO", "message": "Worker heartbeat", "status": "online", "poll_seconds": 5, "requests_per_cycle": 10}
{"timestamp": "2026-03-19T16:07:46.794046+00:00", "level": "INFO", "message": "Worker heartbeat", "status": "online", "poll_seconds": 5, "requests_per_cycle": 10}
{"timestamp": "2026-03-19T16:08:47.684970+00:00", "level": "INFO", "message": "Worker heartbeat", "status": "online", "poll_seconds": 5, "requests_per_cycle": 10}
{"timestamp": "2026-03-19T16:09:48.663781+00:00", "level": "INFO", "message": "Worker heartbeat", "status": "online", "poll_seconds": 5, "requests_per_cycle": 10}
{"timestamp": "2026-03-19T16:10:49.365868+00:00", "level": "INFO", "message": "Worker heartbeat", "status": "online", "poll_seconds": 5, "requests_per_cycle": 10}
{"timestamp": "2026-03-19T16:11:50.047833+00:00", "level": "INFO", "message": "Worker heartbeat", "status": "online", "poll_seconds": 5, "requests_per_cycle": 10}
{"timestamp": "2026-03-19T16:12:50.780390+00:00", "level": "INFO", "message": "Worker heartbeat", "status": "online", "poll_seconds": 5, "requests_per_cycle": 10}
{"timestamp": "2026-03-19T16:13:55.715299+00:00", "level": "INFO", "message": "Worker heartbeat", "status": "online", "poll_seconds": 5, "requests_per_cycle": 10}
{"timestamp": "2026-03-19T16:14:57.255440+00:00", "level": "INFO", "message": "Worker heartbeat", "status": "online", "poll_seconds": 5, "requests_per_cycle": 10}
{"timestamp": "2026-03-19T16:15:58.067506+00:00", "level": "INFO", "message": "Worker heartbeat", "status": "online", "poll_seconds": 5, "requests_per_cycle": 10}
{"timestamp": "2026-03-19T16:16:58.927496+00:00", "level": "INFO", "message": "Worker heartbeat", "status": "online", "poll_seconds": 5, "requests_per_cycle": 10}
{"timestamp": "2026-03-19T16:17:59.667870+00:00", "level": "INFO", "message": "Worker heartbeat", "status": "online", "poll_seconds": 5, "requests_per_cycle": 10}
{"timestamp": "2026-03-19T16:19:00.495471+00:00", "level": "INFO", "message": "Worker heartbeat", "status": "online", "poll_seconds": 5, "requests_per_cycle": 10}
{"timestamp": "2026-03-19T16:20:01.273070+00:00", "level": "INFO", "message": "Worker heartbeat", "status": "online", "poll_seconds": 5, "requests_per_cycle": 10}
{"timestamp": "2026-03-19T16:21:01.945568+00:00", "level": "INFO", "message": "Worker heartbeat", "status": "online", "poll_seconds": 5, "requests_per_cycle": 10}
{"timestamp": "2026-03-19T16:22:03.819161+00:00", "level": "INFO", "message": "Worker heartbeat", "status": "online", "poll_seconds": 5, "requests_per_cycle": 10}
{"timestamp": "2026-03-19T16:23:05.245797+00:00", "level": "INFO", "message": "Worker heartbeat", "status": "online", "poll_seconds": 5, "requests_per_cycle": 10}
{"timestamp": "2026-03-19T16:24:05.988941+00:00", "level": "INFO", "message": "Worker heartbeat", "status": "online", "poll_seconds": 5, "requests_per_cycle": 10}
{"timestamp": "2026-03-19T16:25:06.742785+00:00", "level": "INFO", "message": "Worker heartbeat", "status": "online", "poll_seconds": 5, "requests_per_cycle": 10}
{"timestamp": "2026-03-19T16:26:07.429145+00:00", "level": "INFO", "message": "Worker heartbeat", "status": "online", "poll_seconds": 5, "requests_per_cycle": 10}
{"timestamp": "2026-03-19T16:27:08.415462+00:00", "level": "INFO", "message": "Worker heartbeat", "status": "online", "poll_seconds": 5, "requests_per_cycle": 10}
{"timestamp": "2026-03-19T16:28:09.181183+00:00", "level": "INFO", "message": "Worker heartbeat", "status": "online", "poll_seconds": 5, "requests_per_cycle": 10}
{"timestamp": "2026-03-19T16:29:09.914512+00:00", "level": "INFO", "message": "Worker heartbeat", "status": "online", "poll_seconds": 5, "requests_per_cycle": 10}
{"timestamp": "2026-03-19T16:30:10.716264+00:00", "level": "INFO", "message": "Worker heartbeat", "status": "online", "poll_seconds": 5, "requests_per_cycle": 10}
{"timestamp": "2026-03-19T16:31:11.443847+00:00", "level": "INFO", "message": "Worker heartbeat", "status": "online", "poll_seconds": 5, "requests_per_cycle": 10}
{"timestamp": "2026-03-19T16:32:12.466351+00:00", "level": "INFO", "message": "Worker heartbeat", "status": "online", "poll_seconds": 5, "requests_per_cycle": 10}
{"timestamp": "2026-03-19T16:33:13.203337+00:00", "level": "INFO", "message": "Worker heartbeat", "status": "online", "poll_seconds": 5, "requests_per_cycle": 10}
{"timestamp": "2026-03-19T16:34:13.891668+00:00", "level": "INFO", "message": "Worker heartbeat", "status": "online", "poll_seconds": 5, "requests_per_cycle": 10}
{"timestamp": "2026-03-19T16:35:14.742727+00:00", "level": "INFO", "message": "Worker heartbeat", "status": "online", "poll_seconds": 5, "requests_per_cycle": 10}
{"timestamp": "2026-03-19T16:36:15.608720+00:00", "level": "INFO", "message": "Worker heartbeat", "status": "online", "poll_seconds": 5, "requests_per_cycle": 10}
{"timestamp": "2026-03-19T16:48:55.324538+00:00", "level": "INFO", "message": "Worker heartbeat", "status": "online", "poll_seconds": 5, "requests_per_cycle": 10}
{"timestamp": "2026-03-19T16:49:56.707937+00:00", "level": "INFO", "message": "Worker heartbeat", "status": "online", "poll_seconds": 5, "requests_per_cycle": 10}
{"timestamp": "2026-03-19T16:50:57.768666+00:00", "level": "INFO", "message": "Worker heartbeat", "status": "online", "poll_seconds": 5, "requests_per_cycle": 10}
{"timestamp": "2026-03-19T16:51:20.855717+00:00", "level": "INFO", "message": "Quote response published to internal chat", "request_id": "CT-260319165112", "request_quote_id": "6d0e81d7-ec62-4302-a2df-603ecc360226", "thread_id": "3a40ebfd-ac42-4bd4-a81c-cd7afdb16bbd"}
{"timestamp": "2026-03-19T16:51:20.856719+00:00", "level": "INFO", "message": "Request quoted successfully", "request_id": "CT-260319165112", "request_quote_id": "6d0e81d7-ec62-4302-a2df-603ecc360226", "item_count": 1, "ai_provider": "template"}
{"timestamp": "2026-03-19T16:52:01.392295+00:00", "level": "INFO", "message": "Worker heartbeat", "status": "online", "poll_seconds": 5, "requests_per_cycle": 10}
{"timestamp": "2026-03-19T16:53:02.189594+00:00", "level": "INFO", "message": "Worker heartbeat", "status": "online", "poll_seconds": 5, "requests_per_cycle": 10}
{"timestamp": "2026-03-19T17:59:16.721799+00:00", "level": "INFO", "message": "Worker heartbeat", "status": "online", "poll_seconds": 5, "requests_per_cycle": 10}
{"timestamp": "2026-03-19T18:00:17.980272+00:00", "level": "INFO", "message": "Worker heartbeat", "status": "online", "poll_seconds": 5, "requests_per_cycle": 10}
{"timestamp": "2026-03-19T18:01:19.622288+00:00", "level": "INFO", "message": "Worker heartbeat", "status": "online", "poll_seconds": 5, "requests_per_cycle": 10}
{"timestamp": "2026-03-19T18:02:22.057442+00:00", "level": "INFO", "message": "Worker heartbeat", "status": "online", "poll_seconds": 5, "requests_per_cycle": 10}
{"timestamp": "2026-03-19T18:03:23.229935+00:00", "level": "INFO", "message": "Worker heartbeat", "status": "online", "poll_seconds": 5, "requests_per_cycle": 10}
{"timestamp": "2026-03-19T18:04:24.319556+00:00", "level": "INFO", "message": "Worker heartbeat", "status": "online", "poll_seconds": 5, "requests_per_cycle": 10}
{"timestamp": "2026-03-19T18:05:28.473194+00:00", "level": "INFO", "message": "Worker heartbeat", "status": "online", "poll_seconds": 5, "requests_per_cycle": 10}
{"timestamp": "2026-03-19T18:06:29.632087+00:00", "level": "INFO", "message": "Worker heartbeat", "status": "online", "poll_seconds": 5, "requests_per_cycle": 10}
{"timestamp": "2026-03-19T18:07:31.168852+00:00", "level": "INFO", "message": "Worker heartbeat", "status": "online", "poll_seconds": 5, "requests_per_cycle": 10}
{"timestamp": "2026-03-19T18:08:32.403911+00:00", "level": "INFO", "message": "Worker heartbeat", "status": "online", "poll_seconds": 5, "requests_per_cycle": 10}
{"timestamp": "2026-03-19T18:09:33.556847+00:00", "level": "INFO", "message": "Worker heartbeat", "status": "online", "poll_seconds": 5, "requests_per_cycle": 10}
{"timestamp": "2026-03-19T18:10:34.986705+00:00", "level": "INFO", "message": "Worker heartbeat", "status": "online", "poll_seconds": 5, "requests_per_cycle": 10}
{"timestamp": "2026-03-19T18:11:36.625544+00:00", "level": "INFO", "message": "Worker heartbeat", "status": "online", "poll_seconds": 5, "requests_per_cycle": 10}
{"timestamp": "2026-03-19T18:12:37.925753+00:00", "level": "INFO", "message": "Worker heartbeat", "status": "online", "poll_seconds": 5, "requests_per_cycle": 10}
{"timestamp": "2026-03-19T18:13:39.050906+00:00", "level": "INFO", "message": "Worker heartbeat", "status": "online", "poll_seconds": 5, "requests_per_cycle": 10}
{"timestamp": "2026-03-19T18:14:40.174260+00:00", "level": "INFO", "message": "Worker heartbeat", "status": "online", "poll_seconds": 5, "requests_per_cycle": 10}
{"timestamp": "2026-03-19T18:15:41.227976+00:00", "level": "INFO", "message": "Worker heartbeat", "status": "online", "poll_seconds": 5, "requests_per_cycle": 10}
{"timestamp": "2026-03-19T18:16:42.377630+00:00", "level": "INFO", "message": "Worker heartbeat", "status": "online", "poll_seconds": 5, "requests_per_cycle": 10}
{"timestamp": "2026-03-19T18:17:43.518605+00:00", "level": "INFO", "message": "Worker heartbeat", "status": "online", "poll_seconds": 5, "requests_per_cycle": 10}
{"timestamp": "2026-03-19T18:18:44.631629+00:00", "level": "INFO", "message": "Worker heartbeat", "status": "online", "poll_seconds": 5, "requests_per_cycle": 10}
{"timestamp": "2026-03-19T18:19:45.751377+00:00", "level": "INFO", "message": "Worker heartbeat", "status": "online", "poll_seconds": 5, "requests_per_cycle": 10}
{"timestamp": "2026-03-19T18:20:46.814088+00:00", "level": "INFO", "message": "Worker heartbeat", "status": "online", "poll_seconds": 5, "requests_per_cycle": 10}
{"timestamp": "2026-03-19T18:21:47.860047+00:00", "level": "INFO", "message": "Worker heartbeat", "status": "online", "poll_seconds": 5, "requests_per_cycle": 10}
{"timestamp": "2026-03-19T18:22:48.985279+00:00", "level": "INFO", "message": "Worker heartbeat", "status": "online", "poll_seconds": 5, "requests_per_cycle": 10}
{"timestamp": "2026-03-19T18:23:50.039740+00:00", "level": "INFO", "message": "Worker heartbeat", "status": "online", "poll_seconds": 5, "requests_per_cycle": 10}
{"timestamp": "2026-03-19T18:24:52.075771+00:00", "level": "INFO", "message": "Worker heartbeat", "status": "online", "poll_seconds": 5, "requests_per_cycle": 10}
{"timestamp": "2026-03-19T18:25:53.921862+00:00", "level": "INFO", "message": "Worker heartbeat", "status": "online", "poll_seconds": 5, "requests_per_cycle": 10}
{"timestamp": "2026-03-19T18:26:55.067738+00:00", "level": "INFO", "message": "Worker heartbeat", "status": "online", "poll_seconds": 5, "requests_per_cycle": 10}
{"timestamp": "2026-03-19T18:27:56.235446+00:00", "level": "INFO", "message": "Worker heartbeat", "status": "online", "poll_seconds": 5, "requests_per_cycle": 10}
{"timestamp": "2026-03-19T18:28:57.562479+00:00", "level": "INFO", "message": "Worker heartbeat", "status": "online", "poll_seconds": 5, "requests_per_cycle": 10}
{"timestamp": "2026-03-19T18:29:59.077560+00:00", "level": "INFO", "message": "Worker heartbeat", "status": "online", "poll_seconds": 5, "requests_per_cycle": 10}
{"timestamp": "2026-03-19T18:31:00.598630+00:00", "level": "INFO", "message": "Worker heartbeat", "status": "online", "poll_seconds": 5, "requests_per_cycle": 10}
{"timestamp": "2026-03-19T18:32:03.726785+00:00", "level": "INFO", "message": "Worker heartbeat", "status": "online", "poll_seconds": 5, "requests_per_cycle": 10}
{"timestamp": "2026-03-19T18:33:05.105607+00:00", "level": "INFO", "message": "Worker heartbeat", "status": "online", "poll_seconds": 5, "requests_per_cycle": 10}
{"timestamp": "2026-03-19T18:34:06.262781+00:00", "level": "INFO", "message": "Worker heartbeat", "status": "online", "poll_seconds": 5, "requests_per_cycle": 10}
{"timestamp": "2026-03-19T18:35:07.716068+00:00", "level": "INFO", "message": "Worker heartbeat", "status": "online", "poll_seconds": 5, "requests_per_cycle": 10}
{"timestamp": "2026-03-19T18:36:09.117120+00:00", "level": "INFO", "message": "Worker heartbeat", "status": "online", "poll_seconds": 5, "requests_per_cycle": 10}
{"timestamp": "2026-03-19T18:37:10.311584+00:00", "level": "INFO", "message": "Worker heartbeat", "status": "online", "poll_seconds": 5, "requests_per_cycle": 10}
{"timestamp": "2026-03-19T18:38:11.464343+00:00", "level": "INFO", "message": "Worker heartbeat", "status": "online", "poll_seconds": 5, "requests_per_cycle": 10}
{"timestamp": "2026-03-19T18:39:12.645278+00:00", "level": "INFO", "message": "Worker heartbeat", "status": "online", "poll_seconds": 5, "requests_per_cycle": 10}
{"timestamp": "2026-03-19T18:40:15.035730+00:00", "level": "INFO", "message": "Worker heartbeat", "status": "online", "poll_seconds": 5, "requests_per_cycle": 10}
{"timestamp": "2026-03-19T18:41:16.480622+00:00", "level": "INFO", "message": "Worker heartbeat", "status": "online", "poll_seconds": 5, "requests_per_cycle": 10}
{"timestamp": "2026-03-19T18:42:18.574113+00:00", "level": "INFO", "message": "Worker heartbeat", "status": "online", "poll_seconds": 5, "requests_per_cycle": 10}
{"timestamp": "2026-03-19T18:43:19.696357+00:00", "level": "INFO", "message": "Worker heartbeat", "status": "online", "poll_seconds": 5, "requests_per_cycle": 10}
{"timestamp": "2026-03-19T18:44:20.767555+00:00", "level": "INFO", "message": "Worker heartbeat", "status": "online", "poll_seconds": 5, "requests_per_cycle": 10}
{"timestamp": "2026-03-19T18:45:21.922294+00:00", "level": "INFO", "message": "Worker heartbeat", "status": "online", "poll_seconds": 5, "requests_per_cycle": 10}
{"timestamp": "2026-03-19T18:46:23.097560+00:00", "level": "INFO", "message": "Worker heartbeat", "status": "online", "poll_seconds": 5, "requests_per_cycle": 10}
{"timestamp": "2026-03-19T18:47:24.263787+00:00", "level": "INFO", "message": "Worker heartbeat", "status": "online", "poll_seconds": 5, "requests_per_cycle": 10}
{"timestamp": "2026-03-19T18:48:25.423428+00:00", "level": "INFO", "message": "Worker heartbeat", "status": "online", "poll_seconds": 5, "requests_per_cycle": 10}
{"timestamp": "2026-03-19T18:49:26.591341+00:00", "level": "INFO", "message": "Worker heartbeat", "status": "online", "poll_seconds": 5, "requests_per_cycle": 10}
{"timestamp": "2026-03-19T18:50:27.765355+00:00", "level": "INFO", "message": "Worker heartbeat", "status": "online", "poll_seconds": 5, "requests_per_cycle": 10}
{"timestamp": "2026-03-19T18:51:28.854563+00:00", "level": "INFO", "message": "Worker heartbeat", "status": "online", "poll_seconds": 5, "requests_per_cycle": 10}
{"timestamp": "2026-03-19T18:52:29.956828+00:00", "level": "INFO", "message": "Worker heartbeat", "status": "online", "poll_seconds": 5, "requests_per_cycle": 10}
{"timestamp": "2026-03-19T18:53:33.480542+00:00", "level": "INFO", "message": "Worker heartbeat", "status": "online", "poll_seconds": 5, "requests_per_cycle": 10}
{"timestamp": "2026-03-19T18:54:34.647210+00:00", "level": "INFO", "message": "Worker heartbeat", "status": "online", "poll_seconds": 5, "requests_per_cycle": 10}
{"timestamp": "2026-03-19T18:55:36.329620+00:00", "level": "INFO", "message": "Worker heartbeat", "status": "online", "poll_seconds": 5, "requests_per_cycle": 10}
{"timestamp": "2026-03-19T18:56:37.456373+00:00", "level": "INFO", "message": "Worker heartbeat", "status": "online", "poll_seconds": 5, "requests_per_cycle": 10}
{"timestamp": "2026-03-19T18:57:38.652787+00:00", "level": "INFO", "message": "Worker heartbeat", "status": "online", "poll_seconds": 5, "requests_per_cycle": 10}
{"timestamp": "2026-03-19T18:58:39.898476+00:00", "level": "INFO", "message": "Worker heartbeat", "status": "online", "poll_seconds": 5, "requests_per_cycle": 10}
{"timestamp": "2026-03-19T18:59:41.019094+00:00", "level": "INFO", "message": "Worker heartbeat", "status": "online", "poll_seconds": 5, "requests_per_cycle": 10}
{"timestamp": "2026-03-19T19:00:42.097473+00:00", "level": "INFO", "message": "Worker heartbeat", "status": "online", "poll_seconds": 5, "requests_per_cycle": 10}
{"timestamp": "2026-03-19T19:01:43.415288+00:00", "level": "INFO", "message": "Worker heartbeat", "status": "online", "poll_seconds": 5, "requests_per_cycle": 10}
{"timestamp": "2026-03-19T19:02:44.779733+00:00", "level": "INFO", "message": "Worker heartbeat", "status": "online", "poll_seconds": 5, "requests_per_cycle": 10}
{"timestamp": "2026-03-19T19:03:46.286086+00:00", "level": "INFO", "message": "Worker heartbeat", "status": "online", "poll_seconds": 5, "requests_per_cycle": 10}
{"timestamp": "2026-03-19T19:04:47.722796+00:00", "level": "INFO", "message": "Worker heartbeat", "status": "online", "poll_seconds": 5, "requests_per_cycle": 10}
{"timestamp": "2026-03-19T19:05:48.863965+00:00", "level": "INFO", "message": "Worker heartbeat", "status": "online", "poll_seconds": 5, "requests_per_cycle": 10}
{"timestamp": "2026-03-19T19:06:50.081795+00:00", "level": "INFO", "message": "Worker heartbeat", "status": "online", "poll_seconds": 5, "requests_per_cycle": 10}
{"timestamp": "2026-03-19T19:07:51.183668+00:00", "level": "INFO", "message": "Worker heartbeat", "status": "online", "poll_seconds": 5, "requests_per_cycle": 10}
{"timestamp": "2026-03-19T19:08:52.229874+00:00", "level": "INFO", "message": "Worker heartbeat", "status": "online", "poll_seconds": 5, "requests_per_cycle": 10}
{"timestamp": "2026-03-19T19:09:53.485419+00:00", "level": "INFO", "message": "Worker heartbeat", "status": "online", "poll_seconds": 5, "requests_per_cycle": 10}
{"timestamp": "2026-03-19T19:10:54.932826+00:00", "level": "INFO", "message": "Worker heartbeat", "status": "online", "poll_seconds": 5, "requests_per_cycle": 10}
{"timestamp": "2026-03-19T19:11:56.218873+00:00", "level": "INFO", "message": "Worker heartbeat", "status": "online", "poll_seconds": 5, "requests_per_cycle": 10}
{"timestamp": "2026-03-19T19:12:57.316682+00:00", "level": "INFO", "message": "Worker heartbeat", "status": "online", "poll_seconds": 5, "requests_per_cycle": 10}
{"timestamp": "2026-03-19T19:13:58.558221+00:00", "level": "INFO", "message": "Worker heartbeat", "status": "online", "poll_seconds": 5, "requests_per_cycle": 10}
{"timestamp": "2026-03-19T19:15:01.488593+00:00", "level": "INFO", "message": "Worker heartbeat", "status": "online", "poll_seconds": 5, "requests_per_cycle": 10}
{"timestamp": "2026-03-19T19:16:02.976475+00:00", "level": "INFO", "message": "Worker heartbeat", "status": "online", "poll_seconds": 5, "requests_per_cycle": 10}
{"timestamp": "2026-03-19T19:17:04.255117+00:00", "level": "INFO", "message": "Worker heartbeat", "status": "online", "poll_seconds": 5, "requests_per_cycle": 10}
{"timestamp": "2026-03-19T19:18:05.529227+00:00", "level": "INFO", "message": "Worker heartbeat", "status": "online", "poll_seconds": 5, "requests_per_cycle": 10}
{"timestamp": "2026-03-19T19:19:06.922781+00:00", "level": "INFO", "message": "Worker heartbeat", "status": "online", "poll_seconds": 5, "requests_per_cycle": 10}
{"timestamp": "2026-03-19T19:20:08.071658+00:00", "level": "INFO", "message": "Worker heartbeat", "status": "online", "poll_seconds": 5, "requests_per_cycle": 10}
{"timestamp": "2026-03-19T19:21:10.351544+00:00", "level": "INFO", "message": "Worker heartbeat", "status": "online", "poll_seconds": 5, "requests_per_cycle": 10}
{"timestamp": "2026-03-19T19:22:11.935777+00:00", "level": "INFO", "message": "Worker heartbeat", "status": "online", "poll_seconds": 5, "requests_per_cycle": 10}
{"timestamp": "2026-03-19T19:23:13.113919+00:00", "level": "INFO", "message": "Worker heartbeat", "status": "online", "poll_seconds": 5, "requests_per_cycle": 10}
{"timestamp": "2026-03-19T19:24:14.393647+00:00", "level": "INFO", "message": "Worker heartbeat", "status": "online", "poll_seconds": 5, "requests_per_cycle": 10}
{"timestamp": "2026-03-19T19:25:15.500958+00:00", "level": "INFO", "message": "Worker heartbeat", "status": "online", "poll_seconds": 5, "requests_per_cycle": 10}
{"timestamp": "2026-03-19T19:26:16.590571+00:00", "level": "INFO", "message": "Worker heartbeat", "status": "online", "poll_seconds": 5, "requests_per_cycle": 10}
{"timestamp": "2026-03-19T19:27:17.748123+00:00", "level": "INFO", "message": "Worker heartbeat", "status": "online", "poll_seconds": 5, "requests_per_cycle": 10}
{"timestamp": "2026-03-19T19:28:18.956485+00:00", "level": "INFO", "message": "Worker heartbeat", "status": "online", "poll_seconds": 5, "requests_per_cycle": 10}
{"timestamp": "2026-03-19T19:29:20.179111+00:00", "level": "INFO", "message": "Worker heartbeat", "status": "online", "poll_seconds": 5, "requests_per_cycle": 10}
{"timestamp": "2026-03-19T19:30:21.355185+00:00", "level": "INFO", "message": "Worker heartbeat", "status": "online", "poll_seconds": 5, "requests_per_cycle": 10}
{"timestamp": "2026-03-19T19:31:22.489521+00:00", "level": "INFO", "message": "Worker heartbeat", "status": "online", "poll_seconds": 5, "requests_per_cycle": 10}
{"timestamp": "2026-03-19T19:32:24.015897+00:00", "level": "INFO", "message": "Worker heartbeat", "status": "online", "poll_seconds": 5, "requests_per_cycle": 10}
{"timestamp": "2026-03-19T19:33:25.475829+00:00", "level": "INFO", "message": "Worker heartbeat", "status": "online", "poll_seconds": 5, "requests_per_cycle": 10}
{"timestamp": "2026-03-19T19:34:27.365803+00:00", "level": "INFO", "message": "Worker heartbeat", "status": "online", "poll_seconds": 5, "requests_per_cycle": 10}
{"timestamp": "2026-03-19T19:35:28.495466+00:00", "level": "INFO", "message": "Worker heartbeat", "status": "online", "poll_seconds": 5, "requests_per_cycle": 10}
{"timestamp": "2026-03-19T19:36:29.734174+00:00", "level": "INFO", "message": "Worker heartbeat", "status": "online", "poll_seconds": 5, "requests_per_cycle": 10}
{"timestamp": "2026-03-19T19:37:31.085644+00:00", "level": "INFO", "message": "Worker heartbeat", "status": "online", "poll_seconds": 5, "requests_per_cycle": 10}
{"timestamp": "2026-03-19T19:38:32.265153+00:00", "level": "INFO", "message": "Worker heartbeat", "status": "online", "poll_seconds": 5, "requests_per_cycle": 10}
{"timestamp": "2026-03-19T19:39:33.659497+00:00", "level": "INFO", "message": "Worker heartbeat", "status": "online", "poll_seconds": 5, "requests_per_cycle": 10}
{"timestamp": "2026-03-19T19:40:34.955989+00:00", "level": "INFO", "message": "Worker heartbeat", "status": "online", "poll_seconds": 5, "requests_per_cycle": 10}
{"timestamp": "2026-03-19T19:41:36.109985+00:00", "level": "INFO", "message": "Worker heartbeat", "status": "online", "poll_seconds": 5, "requests_per_cycle": 10}
{"timestamp": "2026-03-19T19:42:37.171414+00:00", "level": "INFO", "message": "Worker heartbeat", "status": "online", "poll_seconds": 5, "requests_per_cycle": 10}
{"timestamp": "2026-03-19T19:43:38.265033+00:00", "level": "INFO", "message": "Worker heartbeat", "status": "online", "poll_seconds": 5, "requests_per_cycle": 10}
{"timestamp": "2026-03-19T19:44:39.601044+00:00", "level": "INFO", "message": "Worker heartbeat", "status": "online", "poll_seconds": 5, "requests_per_cycle": 10}
{"timestamp": "2026-03-19T19:45:40.800350+00:00", "level": "INFO", "message": "Worker heartbeat", "status": "online", "poll_seconds": 5, "requests_per_cycle": 10}
{"timestamp": "2026-03-19T19:46:41.973731+00:00", "level": "INFO", "message": "Worker heartbeat", "status": "online", "poll_seconds": 5, "requests_per_cycle": 10}
{"timestamp": "2026-03-19T19:47:43.038601+00:00", "level": "INFO", "message": "Worker heartbeat", "status": "online", "poll_seconds": 5, "requests_per_cycle": 10}
{"timestamp": "2026-03-19T19:48:44.268961+00:00", "level": "INFO", "message": "Worker heartbeat", "status": "online", "poll_seconds": 5, "requests_per_cycle": 10}
{"timestamp": "2026-03-19T19:49:45.413348+00:00", "level": "INFO", "message": "Worker heartbeat", "status": "online", "poll_seconds": 5, "requests_per_cycle": 10}
{"timestamp": "2026-03-19T19:50:46.529087+00:00", "level": "INFO", "message": "Worker heartbeat", "status": "online", "poll_seconds": 5, "requests_per_cycle": 10}
{"timestamp": "2026-03-19T19:51:47.621427+00:00", "level": "INFO", "message": "Worker heartbeat", "status": "online", "poll_seconds": 5, "requests_per_cycle": 10}
{"timestamp": "2026-03-19T19:52:49.020755+00:00", "level": "INFO", "message": "Worker heartbeat", "status": "online", "poll_seconds": 5, "requests_per_cycle": 10}
{"timestamp": "2026-03-19T19:53:50.200592+00:00", "level": "INFO", "message": "Worker heartbeat", "status": "online", "poll_seconds": 5, "requests_per_cycle": 10}
{"timestamp": "2026-03-19T19:54:51.428259+00:00", "level": "INFO", "message": "Worker heartbeat", "status": "online", "poll_seconds": 5, "requests_per_cycle": 10}
{"timestamp": "2026-03-19T19:55:52.862679+00:00", "level": "INFO", "message": "Worker heartbeat", "status": "online", "poll_seconds": 5, "requests_per_cycle": 10}
{"timestamp": "2026-03-19T19:56:54.076499+00:00", "level": "INFO", "message": "Worker heartbeat", "status": "online", "poll_seconds": 5, "requests_per_cycle": 10}
{"timestamp": "2026-03-19T19:57:55.212327+00:00", "level": "INFO", "message": "Worker heartbeat", "status": "online", "poll_seconds": 5, "requests_per_cycle": 10}
{"timestamp": "2026-03-19T19:58:56.361515+00:00", "level": "INFO", "message": "Worker heartbeat", "status": "online", "poll_seconds": 5, "requests_per_cycle": 10}
{"timestamp": "2026-03-19T19:59:57.469155+00:00", "level": "INFO", "message": "Worker heartbeat", "status": "online", "poll_seconds": 5, "requests_per_cycle": 10}
{"timestamp": "2026-03-19T20:00:58.588989+00:00", "level": "INFO", "message": "Worker heartbeat", "status": "online", "poll_seconds": 5, "requests_per_cycle": 10}
{"timestamp": "2026-03-19T20:01:59.830100+00:00", "level": "INFO", "message": "Worker heartbeat", "status": "online", "poll_seconds": 5, "requests_per_cycle": 10}
{"timestamp": "2026-03-19T20:03:01.093596+00:00", "level": "INFO", "message": "Worker heartbeat", "status": "online", "poll_seconds": 5, "requests_per_cycle": 10}
{"timestamp": "2026-03-19T20:04:02.191170+00:00", "level": "INFO", "message": "Worker heartbeat", "status": "online", "poll_seconds": 5, "requests_per_cycle": 10}
{"timestamp": "2026-03-19T20:05:05.524539+00:00", "level": "INFO", "message": "Worker heartbeat", "status": "online", "poll_seconds": 5, "requests_per_cycle": 10}
{"timestamp": "2026-03-19T20:06:06.967684+00:00", "level": "INFO", "message": "Worker heartbeat", "status": "online", "poll_seconds": 5, "requests_per_cycle": 10}
{"timestamp": "2026-03-19T20:07:08.127340+00:00", "level": "INFO", "message": "Worker heartbeat", "status": "online", "poll_seconds": 5, "requests_per_cycle": 10}
{"timestamp": "2026-03-19T20:08:09.332266+00:00", "level": "INFO", "message": "Worker heartbeat", "status": "online", "poll_seconds": 5, "requests_per_cycle": 10}
{"timestamp": "2026-03-19T20:09:10.714736+00:00", "level": "INFO", "message": "Worker heartbeat", "status": "online", "poll_seconds": 5, "requests_per_cycle": 10}
{"timestamp": "2026-03-19T20:10:11.931855+00:00", "level": "INFO", "message": "Worker heartbeat", "status": "online", "poll_seconds": 5, "requests_per_cycle": 10}
{"timestamp": "2026-03-19T20:11:13.190034+00:00", "level": "INFO", "message": "Worker heartbeat", "status": "online", "poll_seconds": 5, "requests_per_cycle": 10}
{"timestamp": "2026-03-19T20:12:16.515901+00:00", "level": "INFO", "message": "Worker heartbeat", "status": "online", "poll_seconds": 5, "requests_per_cycle": 10}
{"timestamp": "2026-03-19T20:13:18.836096+00:00", "level": "INFO", "message": "Worker heartbeat", "status": "online", "poll_seconds": 5, "requests_per_cycle": 10}
{"timestamp": "2026-03-19T20:14:20.385773+00:00", "level": "INFO", "message": "Worker heartbeat", "status": "online", "poll_seconds": 5, "requests_per_cycle": 10}
{"timestamp": "2026-03-19T20:15:21.576830+00:00", "level": "INFO", "message": "Worker heartbeat", "status": "online", "poll_seconds": 5, "requests_per_cycle": 10}
{"timestamp": "2026-03-19T20:16:22.771678+00:00", "level": "INFO", "message": "Worker heartbeat", "status": "online", "poll_seconds": 5, "requests_per_cycle": 10}
{"timestamp": "2026-03-19T20:17:23.867172+00:00", "level": "INFO", "message": "Worker heartbeat", "status": "online", "poll_seconds": 5, "requests_per_cycle": 10}
{"timestamp": "2026-03-19T20:18:25.039525+00:00", "level": "INFO", "message": "Worker heartbeat", "status": "online", "poll_seconds": 5, "requests_per_cycle": 10}
{"timestamp": "2026-03-19T20:19:26.272222+00:00", "level": "INFO", "message": "Worker heartbeat", "status": "online", "poll_seconds": 5, "requests_per_cycle": 10}
{"timestamp": "2026-03-19T20:20:27.832993+00:00", "level": "INFO", "message": "Worker heartbeat", "status": "online", "poll_seconds": 5, "requests_per_cycle": 10}
{"timestamp": "2026-03-19T20:21:28.905696+00:00", "level": "INFO", "message": "Worker heartbeat", "status": "online", "poll_seconds": 5, "requests_per_cycle": 10}
{"timestamp": "2026-03-19T20:22:31.489203+00:00", "level": "INFO", "message": "Worker heartbeat", "status": "online", "poll_seconds": 5, "requests_per_cycle": 10}
{"timestamp": "2026-03-19T20:23:32.755016+00:00", "level": "INFO", "message": "Worker heartbeat", "status": "online", "poll_seconds": 5, "requests_per_cycle": 10}
{"timestamp": "2026-03-19T20:24:33.981739+00:00", "level": "INFO", "message": "Worker heartbeat", "status": "online", "poll_seconds": 5, "requests_per_cycle": 10}
{"timestamp": "2026-03-19T20:25:35.122943+00:00", "level": "INFO", "message": "Worker heartbeat", "status": "online", "poll_seconds": 5, "requests_per_cycle": 10}
{"timestamp": "2026-03-19T20:26:36.253793+00:00", "level": "INFO", "message": "Worker heartbeat", "status": "online", "poll_seconds": 5, "requests_per_cycle": 10}
{"timestamp": "2026-03-19T20:27:37.353674+00:00", "level": "INFO", "message": "Worker heartbeat", "status": "online", "poll_seconds": 5, "requests_per_cycle": 10}
{"timestamp": "2026-03-19T20:28:38.506348+00:00", "level": "INFO", "message": "Worker heartbeat", "status": "online", "poll_seconds": 5, "requests_per_cycle": 10}
{"timestamp": "2026-03-19T20:29:39.551760+00:00", "level": "INFO", "message": "Worker heartbeat", "status": "online", "poll_seconds": 5, "requests_per_cycle": 10}
{"timestamp": "2026-03-19T20:30:40.617003+00:00", "level": "INFO", "message": "Worker heartbeat", "status": "online", "poll_seconds": 5, "requests_per_cycle": 10}
{"timestamp": "2026-03-19T20:31:41.712391+00:00", "level": "INFO", "message": "Worker heartbeat", "status": "online", "poll_seconds": 5, "requests_per_cycle": 10}
{"timestamp": "2026-03-19T20:32:42.943424+00:00", "level": "INFO", "message": "Worker heartbeat", "status": "online", "poll_seconds": 5, "requests_per_cycle": 10}
{"timestamp": "2026-03-19T20:33:45.947633+00:00", "level": "INFO", "message": "Worker heartbeat", "status": "online", "poll_seconds": 5, "requests_per_cycle": 10}
{"timestamp": "2026-03-19T20:34:47.124631+00:00", "level": "INFO", "message": "Worker heartbeat", "status": "online", "poll_seconds": 5, "requests_per_cycle": 10}
{"timestamp": "2026-03-19T20:35:48.455578+00:00", "level": "INFO", "message": "Worker heartbeat", "status": "online", "poll_seconds": 5, "requests_per_cycle": 10}
{"timestamp": "2026-03-19T20:36:49.590053+00:00", "level": "INFO", "message": "Worker heartbeat", "status": "online", "poll_seconds": 5, "requests_per_cycle": 10}
{"timestamp": "2026-03-19T20:37:50.926149+00:00", "level": "INFO", "message": "Worker heartbeat", "status": "online", "poll_seconds": 5, "requests_per_cycle": 10}
{"timestamp": "2026-03-19T20:38:52.035472+00:00", "level": "INFO", "message": "Worker heartbeat", "status": "online", "poll_seconds": 5, "requests_per_cycle": 10}
{"timestamp": "2026-03-19T20:39:54.812638+00:00", "level": "INFO", "message": "Worker heartbeat", "status": "online", "poll_seconds": 5, "requests_per_cycle": 10}
{"timestamp": "2026-03-19T20:40:55.957007+00:00", "level": "INFO", "message": "Worker heartbeat", "status": "online", "poll_seconds": 5, "requests_per_cycle": 10}
{"timestamp": "2026-03-19T20:41:58.675665+00:00", "level": "INFO", "message": "Worker heartbeat", "status": "online", "poll_seconds": 5, "requests_per_cycle": 10}
{"timestamp": "2026-03-19T20:43:00.167925+00:00", "level": "INFO", "message": "Worker heartbeat", "status": "online", "poll_seconds": 5, "requests_per_cycle": 10}
{"timestamp": "2026-03-19T20:44:01.535054+00:00", "level": "INFO", "message": "Worker heartbeat", "status": "online", "poll_seconds": 5, "requests_per_cycle": 10}
{"timestamp": "2026-03-19T20:45:02.770705+00:00", "level": "INFO", "message": "Worker heartbeat", "status": "online", "poll_seconds": 5, "requests_per_cycle": 10}
{"timestamp": "2026-03-19T20:46:03.957351+00:00", "level": "INFO", "message": "Worker heartbeat", "status": "online", "poll_seconds": 5, "requests_per_cycle": 10}
{"timestamp": "2026-03-19T20:47:05.081455+00:00", "level": "INFO", "message": "Worker heartbeat", "status": "online", "poll_seconds": 5, "requests_per_cycle": 10}
{"timestamp": "2026-03-19T20:48:06.197838+00:00", "level": "INFO", "message": "Worker heartbeat", "status": "online", "poll_seconds": 5, "requests_per_cycle": 10}
{"timestamp": "2026-03-19T20:49:07.362688+00:00", "level": "INFO", "message": "Worker heartbeat", "status": "online", "poll_seconds": 5, "requests_per_cycle": 10}
{"timestamp": "2026-03-19T20:50:08.535692+00:00", "level": "INFO", "message": "Worker heartbeat", "status": "online", "poll_seconds": 5, "requests_per_cycle": 10}
{"timestamp": "2026-03-19T20:51:11.241885+00:00", "level": "INFO", "message": "Worker heartbeat", "status": "online", "poll_seconds": 5, "requests_per_cycle": 10}
{"timestamp": "2026-03-19T20:52:12.576918+00:00", "level": "INFO", "message": "Worker heartbeat", "status": "online", "poll_seconds": 5, "requests_per_cycle": 10}
{"timestamp": "2026-03-19T20:53:13.675400+00:00", "level": "INFO", "message": "Worker heartbeat", "status": "online", "poll_seconds": 5, "requests_per_cycle": 10}
{"timestamp": "2026-03-19T20:54:14.939983+00:00", "level": "INFO", "message": "Worker heartbeat", "status": "online", "poll_seconds": 5, "requests_per_cycle": 10}
{"timestamp": "2026-03-19T20:55:16.189162+00:00", "level": "INFO", "message": "Worker heartbeat", "status": "online", "poll_seconds": 5, "requests_per_cycle": 10}
{"timestamp": "2026-03-19T20:56:17.292061+00:00", "level": "INFO", "message": "Worker heartbeat", "status": "online", "poll_seconds": 5, "requests_per_cycle": 10}
{"timestamp": "2026-03-19T20:57:18.508354+00:00", "level": "INFO", "message": "Worker heartbeat", "status": "online", "poll_seconds": 5, "requests_per_cycle": 10}
{"timestamp": "2026-03-19T20:58:19.598170+00:00", "level": "INFO", "message": "Worker heartbeat", "status": "online", "poll_seconds": 5, "requests_per_cycle": 10}
{"timestamp": "2026-03-19T20:59:20.722426+00:00", "level": "INFO", "message": "Worker heartbeat", "status": "online", "poll_seconds": 5, "requests_per_cycle": 10}
{"timestamp": "2026-03-19T21:00:21.795601+00:00", "level": "INFO", "message": "Worker heartbeat", "status": "online", "poll_seconds": 5, "requests_per_cycle": 10}
{"timestamp": "2026-03-19T21:01:22.957025+00:00", "level": "INFO", "message": "Worker heartbeat", "status": "online", "poll_seconds": 5, "requests_per_cycle": 10}
{"timestamp": "2026-03-19T21:02:24.722980+00:00", "level": "INFO", "message": "Worker heartbeat", "status": "online", "poll_seconds": 5, "requests_per_cycle": 10}
{"timestamp": "2026-03-19T21:03:25.844930+00:00", "level": "INFO", "message": "Worker heartbeat", "status": "online", "poll_seconds": 5, "requests_per_cycle": 10}
{"timestamp": "2026-03-19T21:04:27.309717+00:00", "level": "INFO", "message": "Worker heartbeat", "status": "online", "poll_seconds": 5, "requests_per_cycle": 10}
{"timestamp": "2026-03-19T21:05:29.945489+00:00", "level": "INFO", "message": "Worker heartbeat", "status": "online", "poll_seconds": 5, "requests_per_cycle": 10}
{"timestamp": "2026-03-19T21:06:31.088510+00:00", "level": "INFO", "message": "Worker heartbeat", "status": "online", "poll_seconds": 5, "requests_per_cycle": 10}
{"timestamp": "2026-03-19T21:07:32.237073+00:00", "level": "INFO", "message": "Worker heartbeat", "status": "online", "poll_seconds": 5, "requests_per_cycle": 10}
{"timestamp": "2026-03-19T21:08:33.359392+00:00", "level": "INFO", "message": "Worker heartbeat", "status": "online", "poll_seconds": 5, "requests_per_cycle": 10}
{"timestamp": "2026-03-19T21:09:34.477513+00:00", "level": "INFO", "message": "Worker heartbeat", "status": "online", "poll_seconds": 5, "requests_per_cycle": 10}
{"timestamp": "2026-03-19T21:10:35.586408+00:00", "level": "INFO", "message": "Worker heartbeat", "status": "online", "poll_seconds": 5, "requests_per_cycle": 10}
{"timestamp": "2026-03-19T21:11:36.908822+00:00", "level": "INFO", "message": "Worker heartbeat", "status": "online", "poll_seconds": 5, "requests_per_cycle": 10}
{"timestamp": "2026-03-19T21:12:38.002733+00:00", "level": "INFO", "message": "Worker heartbeat", "status": "online", "poll_seconds": 5, "requests_per_cycle": 10}
{"timestamp": "2026-03-19T21:13:39.242245+00:00", "level": "INFO", "message": "Worker heartbeat", "status": "online", "poll_seconds": 5, "requests_per_cycle": 10}
{"timestamp": "2026-03-19T21:14:40.360407+00:00", "level": "INFO", "message": "Worker heartbeat", "status": "online", "poll_seconds": 5, "requests_per_cycle": 10}
{"timestamp": "2026-03-19T21:15:42.420533+00:00", "level": "INFO", "message": "Worker heartbeat", "status": "online", "poll_seconds": 5, "requests_per_cycle": 10}
{"timestamp": "2026-03-19T21:16:43.514343+00:00", "level": "INFO", "message": "Worker heartbeat", "status": "online", "poll_seconds": 5, "requests_per_cycle": 10}
{"timestamp": "2026-03-19T21:17:45.013096+00:00", "level": "INFO", "message": "Worker heartbeat", "status": "online", "poll_seconds": 5, "requests_per_cycle": 10}
{"timestamp": "2026-03-19T21:18:46.160805+00:00", "level": "INFO", "message": "Worker heartbeat", "status": "online", "poll_seconds": 5, "requests_per_cycle": 10}
{"timestamp": "2026-03-19T21:19:47.659811+00:00", "level": "INFO", "message": "Worker heartbeat", "status": "online", "poll_seconds": 5, "requests_per_cycle": 10}
{"timestamp": "2026-03-19T21:20:48.985064+00:00", "level": "INFO", "message": "Worker heartbeat", "status": "online", "poll_seconds": 5, "requests_per_cycle": 10}
{"timestamp": "2026-03-19T21:21:50.081973+00:00", "level": "INFO", "message": "Worker heartbeat", "status": "online", "poll_seconds": 5, "requests_per_cycle": 10}
{"timestamp": "2026-03-19T21:22:51.207326+00:00", "level": "INFO", "message": "Worker heartbeat", "status": "online", "poll_seconds": 5, "requests_per_cycle": 10}
{"timestamp": "2026-03-19T21:23:52.392988+00:00", "level": "INFO", "message": "Worker heartbeat", "status": "online", "poll_seconds": 5, "requests_per_cycle": 10}
{"timestamp": "2026-03-19T21:24:55.123246+00:00", "level": "INFO", "message": "Worker heartbeat", "status": "online", "poll_seconds": 5, "requests_per_cycle": 10}
{"timestamp": "2026-03-19T21:25:56.402112+00:00", "level": "INFO", "message": "Worker heartbeat", "status": "online", "poll_seconds": 5, "requests_per_cycle": 10}
{"timestamp": "2026-03-19T21:26:57.515105+00:00", "level": "INFO", "message": "Worker heartbeat", "status": "online", "poll_seconds": 5, "requests_per_cycle": 10}
{"timestamp": "2026-03-19T21:27:58.644664+00:00", "level": "INFO", "message": "Worker heartbeat", "status": "online", "poll_seconds": 5, "requests_per_cycle": 10}
{"timestamp": "2026-03-19T21:29:00.014505+00:00", "level": "INFO", "message": "Worker heartbeat", "status": "online", "poll_seconds": 5, "requests_per_cycle": 10}
{"timestamp": "2026-03-19T21:30:01.171918+00:00", "level": "INFO", "message": "Worker heartbeat", "status": "online", "poll_seconds": 5, "requests_per_cycle": 10}
{"timestamp": "2026-03-19T21:31:02.345975+00:00", "level": "INFO", "message": "Worker heartbeat", "status": "online", "poll_seconds": 5, "requests_per_cycle": 10}
{"timestamp": "2026-03-19T21:32:03.579722+00:00", "level": "INFO", "message": "Worker heartbeat", "status": "online", "poll_seconds": 5, "requests_per_cycle": 10}
{"timestamp": "2026-03-19T21:33:04.829250+00:00", "level": "INFO", "message": "Worker heartbeat", "status": "online", "poll_seconds": 5, "requests_per_cycle": 10}
{"timestamp": "2026-03-19T21:34:06.216720+00:00", "level": "INFO", "message": "Worker heartbeat", "status": "online", "poll_seconds": 5, "requests_per_cycle": 10}
{"timestamp": "2026-03-19T21:35:07.507768+00:00", "level": "INFO", "message": "Worker heartbeat", "status": "online", "poll_seconds": 5, "requests_per_cycle": 10}
{"timestamp": "2026-03-19T21:36:08.725674+00:00", "level": "INFO", "message": "Worker heartbeat", "status": "online", "poll_seconds": 5, "requests_per_cycle": 10}
{"timestamp": "2026-03-19T21:37:09.891330+00:00", "level": "INFO", "message": "Worker heartbeat", "status": "online", "poll_seconds": 5, "requests_per_cycle": 10}
{"timestamp": "2026-03-19T21:38:11.064036+00:00", "level": "INFO", "message": "Worker heartbeat", "status": "online", "poll_seconds": 5, "requests_per_cycle": 10}
{"timestamp": "2026-03-19T21:39:12.264649+00:00", "level": "INFO", "message": "Worker heartbeat", "status": "online", "poll_seconds": 5, "requests_per_cycle": 10}
{"timestamp": "2026-03-19T21:40:13.437188+00:00", "level": "INFO", "message": "Worker heartbeat", "status": "online", "poll_seconds": 5, "requests_per_cycle": 10}
{"timestamp": "2026-03-19T21:41:15.987918+00:00", "level": "INFO", "message": "Worker heartbeat", "status": "online", "poll_seconds": 5, "requests_per_cycle": 10}
{"timestamp": "2026-03-19T21:42:17.425315+00:00", "level": "INFO", "message": "Worker heartbeat", "status": "online", "poll_seconds": 5, "requests_per_cycle": 10}
{"timestamp": "2026-03-19T21:43:18.879546+00:00", "level": "INFO", "message": "Worker heartbeat", "status": "online", "poll_seconds": 5, "requests_per_cycle": 10}
{"timestamp": "2026-03-19T21:44:20.052164+00:00", "level": "INFO", "message": "Worker heartbeat", "status": "online", "poll_seconds": 5, "requests_per_cycle": 10}
{"timestamp": "2026-03-19T21:45:21.644583+00:00", "level": "INFO", "message": "Worker heartbeat", "status": "online", "poll_seconds": 5, "requests_per_cycle": 10}
{"timestamp": "2026-03-19T21:46:22.821820+00:00", "level": "INFO", "message": "Worker heartbeat", "status": "online", "poll_seconds": 5, "requests_per_cycle": 10}
{"timestamp": "2026-03-19T21:47:23.941297+00:00", "level": "INFO", "message": "Worker heartbeat", "status": "online", "poll_seconds": 5, "requests_per_cycle": 10}
{"timestamp": "2026-03-19T21:48:25.129729+00:00", "level": "INFO", "message": "Worker heartbeat", "status": "online", "poll_seconds": 5, "requests_per_cycle": 10}
{"timestamp": "2026-03-19T21:49:26.253668+00:00", "level": "INFO", "message": "Worker heartbeat", "status": "online", "poll_seconds": 5, "requests_per_cycle": 10}
{"timestamp": "2026-03-19T21:50:27.410550+00:00", "level": "INFO", "message": "Worker heartbeat", "status": "online", "poll_seconds": 5, "requests_per_cycle": 10}
{"timestamp": "2026-03-19T21:51:28.550487+00:00", "level": "INFO", "message": "Worker heartbeat", "status": "online", "poll_seconds": 5, "requests_per_cycle": 10}
{"timestamp": "2026-03-19T21:52:30.973685+00:00", "level": "INFO", "message": "Worker heartbeat", "status": "online", "poll_seconds": 5, "requests_per_cycle": 10}
{"timestamp": "2026-03-19T21:53:32.456998+00:00", "level": "INFO", "message": "Worker heartbeat", "status": "online", "poll_seconds": 5, "requests_per_cycle": 10}
{"timestamp": "2026-03-19T21:54:33.581528+00:00", "level": "INFO", "message": "Worker heartbeat", "status": "online", "poll_seconds": 5, "requests_per_cycle": 10}
{"timestamp": "2026-03-19T21:55:34.784528+00:00", "level": "INFO", "message": "Worker heartbeat", "status": "online", "poll_seconds": 5, "requests_per_cycle": 10}
{"timestamp": "2026-03-19T21:56:36.096753+00:00", "level": "INFO", "message": "Worker heartbeat", "status": "online", "poll_seconds": 5, "requests_per_cycle": 10}
{"timestamp": "2026-03-19T21:57:37.243106+00:00", "level": "INFO", "message": "Worker heartbeat", "status": "online", "poll_seconds": 5, "requests_per_cycle": 10}
{"timestamp": "2026-03-19T21:58:39.034778+00:00", "level": "INFO", "message": "Worker heartbeat", "status": "online", "poll_seconds": 5, "requests_per_cycle": 10}
{"timestamp": "2026-03-19T21:59:40.330992+00:00", "level": "INFO", "message": "Worker heartbeat", "status": "online", "poll_seconds": 5, "requests_per_cycle": 10}
{"timestamp": "2026-03-19T22:00:41.472693+00:00", "level": "INFO", "message": "Worker heartbeat", "status": "online", "poll_seconds": 5, "requests_per_cycle": 10}
{"timestamp": "2026-03-19T22:01:42.676815+00:00", "level": "INFO", "message": "Worker heartbeat", "status": "online", "poll_seconds": 5, "requests_per_cycle": 10}
{"timestamp": "2026-03-19T22:02:43.909401+00:00", "level": "INFO", "message": "Worker heartbeat", "status": "online", "poll_seconds": 5, "requests_per_cycle": 10}
{"timestamp": "2026-03-19T22:03:45.401178+00:00", "level": "INFO", "message": "Worker heartbeat", "status": "online", "poll_seconds": 5, "requests_per_cycle": 10}
{"timestamp": "2026-03-19T22:04:47.174345+00:00", "level": "INFO", "message": "Worker heartbeat", "status": "online", "poll_seconds": 5, "requests_per_cycle": 10}
{"timestamp": "2026-03-19T22:05:48.426650+00:00", "level": "INFO", "message": "Worker heartbeat", "status": "online", "poll_seconds": 5, "requests_per_cycle": 10}
{"timestamp": "2026-03-19T22:06:50.361396+00:00", "level": "INFO", "message": "Worker heartbeat", "status": "online", "poll_seconds": 5, "requests_per_cycle": 10}
{"timestamp": "2026-03-19T22:07:51.801467+00:00", "level": "INFO", "message": "Worker heartbeat", "status": "online", "poll_seconds": 5, "requests_per_cycle": 10}
{"timestamp": "2026-03-19T22:08:53.004705+00:00", "level": "INFO", "message": "Worker heartbeat", "status": "online", "poll_seconds": 5, "requests_per_cycle": 10}
{"timestamp": "2026-03-19T22:09:54.158894+00:00", "level": "INFO", "message": "Worker heartbeat", "status": "online", "poll_seconds": 5, "requests_per_cycle": 10}
{"timestamp": "2026-03-19T22:10:55.318205+00:00", "level": "INFO", "message": "Worker heartbeat", "status": "online", "poll_seconds": 5, "requests_per_cycle": 10}
{"timestamp": "2026-03-19T22:11:56.610799+00:00", "level": "INFO", "message": "Worker heartbeat", "status": "online", "poll_seconds": 5, "requests_per_cycle": 10}
{"timestamp": "2026-03-19T22:12:57.726522+00:00", "level": "INFO", "message": "Worker heartbeat", "status": "online", "poll_seconds": 5, "requests_per_cycle": 10}
{"timestamp": "2026-03-19T22:14:40.980048+00:00", "level": "INFO", "message": "Worker heartbeat", "status": "online", "poll_seconds": 5, "requests_per_cycle": 10}
{"timestamp": "2026-03-19T22:15:42.856939+00:00", "level": "INFO", "message": "Worker heartbeat", "status": "online", "poll_seconds": 5, "requests_per_cycle": 10}
{"timestamp": "2026-03-19T22:16:44.087073+00:00", "level": "INFO", "message": "Worker heartbeat", "status": "online", "poll_seconds": 5, "requests_per_cycle": 10}
{"timestamp": "2026-03-19T22:17:45.602700+00:00", "level": "INFO", "message": "Worker heartbeat", "status": "online", "poll_seconds": 5, "requests_per_cycle": 10}
{"timestamp": "2026-03-19T22:18:46.791162+00:00", "level": "INFO", "message": "Worker heartbeat", "status": "online", "poll_seconds": 5, "requests_per_cycle": 10}
{"timestamp": "2026-03-19T22:19:47.911934+00:00", "level": "INFO", "message": "Worker heartbeat", "status": "online", "poll_seconds": 5, "requests_per_cycle": 10}
{"timestamp": "2026-03-19T22:20:49.028604+00:00", "level": "INFO", "message": "Worker heartbeat", "status": "online", "poll_seconds": 5, "requests_per_cycle": 10}
{"timestamp": "2026-03-19T22:21:50.121075+00:00", "level": "INFO", "message": "Worker heartbeat", "status": "online", "poll_seconds": 5, "requests_per_cycle": 10}
{"timestamp": "2026-03-19T22:22:51.207396+00:00", "level": "INFO", "message": "Worker heartbeat", "status": "online", "poll_seconds": 5, "requests_per_cycle": 10}
{"timestamp": "2026-03-19T22:23:52.631201+00:00", "level": "INFO", "message": "Worker heartbeat", "status": "online", "poll_seconds": 5, "requests_per_cycle": 10}
{"timestamp": "2026-03-19T22:24:55.204141+00:00", "level": "INFO", "message": "Worker heartbeat", "status": "online", "poll_seconds": 5, "requests_per_cycle": 10}
{"timestamp": "2026-03-19T22:25:56.476469+00:00", "level": "INFO", "message": "Worker heartbeat", "status": "online", "poll_seconds": 5, "requests_per_cycle": 10}
{"timestamp": "2026-03-19T22:26:57.600294+00:00", "level": "INFO", "message": "Worker heartbeat", "status": "online", "poll_seconds": 5, "requests_per_cycle": 10}
{"timestamp": "2026-03-19T22:27:58.663565+00:00", "level": "INFO", "message": "Worker heartbeat", "status": "online", "poll_seconds": 5, "requests_per_cycle": 10}
{"timestamp": "2026-03-19T22:28:59.811212+00:00", "level": "INFO", "message": "Worker heartbeat", "status": "online", "poll_seconds": 5, "requests_per_cycle": 10}
{"timestamp": "2026-03-19T22:30:01.757966+00:00", "level": "INFO", "message": "Worker heartbeat", "status": "online", "poll_seconds": 5, "requests_per_cycle": 10}
{"timestamp": "2026-03-19T22:31:02.927942+00:00", "level": "INFO", "message": "Worker heartbeat", "status": "online", "poll_seconds": 5, "requests_per_cycle": 10}
{"timestamp": "2026-03-19T22:32:05.413724+00:00", "level": "INFO", "message": "Worker heartbeat", "status": "online", "poll_seconds": 5, "requests_per_cycle": 10}
{"timestamp": "2026-03-19T22:33:06.779622+00:00", "level": "INFO", "message": "Worker heartbeat", "status": "online", "poll_seconds": 5, "requests_per_cycle": 10}
{"timestamp": "2026-03-19T22:34:08.023155+00:00", "level": "INFO", "message": "Worker heartbeat", "status": "online", "poll_seconds": 5, "requests_per_cycle": 10}
{"timestamp": "2026-03-19T22:35:09.541852+00:00", "level": "INFO", "message": "Worker heartbeat", "status": "online", "poll_seconds": 5, "requests_per_cycle": 10}
{"timestamp": "2026-03-19T22:36:10.759051+00:00", "level": "INFO", "message": "Worker heartbeat", "status": "online", "poll_seconds": 5, "requests_per_cycle": 10}
{"timestamp": "2026-03-19T22:37:11.901919+00:00", "level": "INFO", "message": "Worker heartbeat", "status": "online", "poll_seconds": 5, "requests_per_cycle": 10}
{"timestamp": "2026-03-19T22:38:12.978789+00:00", "level": "INFO", "message": "Worker heartbeat", "status": "online", "poll_seconds": 5, "requests_per_cycle": 10}
{"timestamp": "2026-03-19T22:39:14.403683+00:00", "level": "INFO", "message": "Worker heartbeat", "status": "online", "poll_seconds": 5, "requests_per_cycle": 10}
{"timestamp": "2026-03-19T22:40:15.692548+00:00", "level": "INFO", "message": "Worker heartbeat", "status": "online", "poll_seconds": 5, "requests_per_cycle": 10}
{"timestamp": "2026-03-19T22:41:16.826283+00:00", "level": "INFO", "message": "Worker heartbeat", "status": "online", "poll_seconds": 5, "requests_per_cycle": 10}
{"timestamp": "2026-03-19T22:42:20.862862+00:00", "level": "INFO", "message": "Worker heartbeat", "status": "online", "poll_seconds": 5, "requests_per_cycle": 10}
{"timestamp": "2026-03-19T22:43:22.185753+00:00", "level": "INFO", "message": "Worker heartbeat", "status": "online", "poll_seconds": 5, "requests_per_cycle": 10}
{"timestamp": "2026-03-19T22:44:23.645213+00:00", "level": "INFO", "message": "Worker heartbeat", "status": "online", "poll_seconds": 5, "requests_per_cycle": 10}
{"timestamp": "2026-03-19T22:50:20.536561+00:00", "level": "INFO", "message": "Worker heartbeat", "status": "online", "poll_seconds": 5, "requests_per_cycle": 10}
{"timestamp": "2026-03-19T22:51:25.547422+00:00", "level": "INFO", "message": "Worker heartbeat", "status": "online", "poll_seconds": 5, "requests_per_cycle": 10}
{"timestamp": "2026-03-19T22:52:26.681061+00:00", "level": "INFO", "message": "Worker heartbeat", "status": "online", "poll_seconds": 5, "requests_per_cycle": 10}
{"timestamp": "2026-03-19T22:53:27.890539+00:00", "level": "INFO", "message": "Worker heartbeat", "status": "online", "poll_seconds": 5, "requests_per_cycle": 10}
{"timestamp": "2026-03-19T22:54:29.064120+00:00", "level": "INFO", "message": "Worker heartbeat", "status": "online", "poll_seconds": 5, "requests_per_cycle": 10}
{"timestamp": "2026-03-19T22:55:30.203604+00:00", "level": "INFO", "message": "Worker heartbeat", "status": "online", "poll_seconds": 5, "requests_per_cycle": 10}
{"timestamp": "2026-03-19T22:56:31.346192+00:00", "level": "INFO", "message": "Worker heartbeat", "status": "online", "poll_seconds": 5, "requests_per_cycle": 10}
{"timestamp": "2026-03-19T22:57:32.598942+00:00", "level": "INFO", "message": "Worker heartbeat", "status": "online", "poll_seconds": 5, "requests_per_cycle": 10}
{"timestamp": "2026-03-19T22:58:33.717260+00:00", "level": "INFO", "message": "Worker heartbeat", "status": "online", "poll_seconds": 5, "requests_per_cycle": 10}
{"timestamp": "2026-03-19T22:59:34.867047+00:00", "level": "INFO", "message": "Worker heartbeat", "status": "online", "poll_seconds": 5, "requests_per_cycle": 10}
{"timestamp": "2026-03-19T23:00:36.234056+00:00", "level": "INFO", "message": "Worker heartbeat", "status": "online", "poll_seconds": 5, "requests_per_cycle": 10}
{"timestamp": "2026-03-19T23:01:38.363511+00:00", "level": "INFO", "message": "Worker heartbeat", "status": "online", "poll_seconds": 5, "requests_per_cycle": 10}
{"timestamp": "2026-03-19T23:02:39.546665+00:00", "level": "INFO", "message": "Worker heartbeat", "status": "online", "poll_seconds": 5, "requests_per_cycle": 10}
{"timestamp": "2026-03-19T23:03:40.736031+00:00", "level": "INFO", "message": "Worker heartbeat", "status": "online", "poll_seconds": 5, "requests_per_cycle": 10}
{"timestamp": "2026-03-19T23:04:42.101445+00:00", "level": "INFO", "message": "Worker heartbeat", "status": "online", "poll_seconds": 5, "requests_per_cycle": 10}
{"timestamp": "2026-03-19T23:05:43.457736+00:00", "level": "INFO", "message": "Worker heartbeat", "status": "online", "poll_seconds": 5, "requests_per_cycle": 10}
{"timestamp": "2026-03-19T23:06:09.143082+00:00", "level": "INFO", "message": "Quote response published to internal chat", "request_id": "CT-260319230547", "request_quote_id": "a2076948-5de7-4770-bd3b-1b99ddedb22d", "thread_id": "e2c73fa2-4c8f-4686-8b97-387b996ffb0a"}
{"timestamp": "2026-03-19T23:06:09.143082+00:00", "level": "INFO", "message": "Request quoted successfully", "request_id": "CT-260319230547", "request_quote_id": "a2076948-5de7-4770-bd3b-1b99ddedb22d", "item_count": 1, "ai_provider": "template"}
{"timestamp": "2026-03-19T23:06:44.846037+00:00", "level": "INFO", "message": "Worker heartbeat", "status": "online", "poll_seconds": 5, "requests_per_cycle": 10}
{"timestamp": "2026-03-19T23:07:46.123767+00:00", "level": "INFO", "message": "Worker heartbeat", "status": "online", "poll_seconds": 5, "requests_per_cycle": 10}
{"timestamp": "2026-03-19T23:08:47.240135+00:00", "level": "INFO", "message": "Worker heartbeat", "status": "online", "poll_seconds": 5, "requests_per_cycle": 10}
{"timestamp": "2026-03-19T23:09:48.721762+00:00", "level": "INFO", "message": "Worker heartbeat", "status": "online", "poll_seconds": 5, "requests_per_cycle": 10}
{"timestamp": "2026-03-19T23:10:49.828885+00:00", "level": "INFO", "message": "Worker heartbeat", "status": "online", "poll_seconds": 5, "requests_per_cycle": 10}
{"timestamp": "2026-03-19T23:11:51.063161+00:00", "level": "INFO", "message": "Worker heartbeat", "status": "online", "poll_seconds": 5, "requests_per_cycle": 10}
{"timestamp": "2026-03-19T23:12:52.305722+00:00", "level": "INFO", "message": "Worker heartbeat", "status": "online", "poll_seconds": 5, "requests_per_cycle": 10}
{"timestamp": "2026-03-19T23:13:53.754074+00:00", "level": "INFO", "message": "Worker heartbeat", "status": "online", "poll_seconds": 5, "requests_per_cycle": 10}
{"timestamp": "2026-03-19T23:14:57.339545+00:00", "level": "INFO", "message": "Worker heartbeat", "status": "online", "poll_seconds": 5, "requests_per_cycle": 10}
{"timestamp": "2026-03-19T23:15:59.267741+00:00", "level": "INFO", "message": "Worker heartbeat", "status": "online", "poll_seconds": 5, "requests_per_cycle": 10}
{"timestamp": "2026-03-19T23:17:00.436984+00:00", "level": "INFO", "message": "Worker heartbeat", "status": "online", "poll_seconds": 5, "requests_per_cycle": 10}
{"timestamp": "2026-03-19T23:18:01.724305+00:00", "level": "INFO", "message": "Worker heartbeat", "status": "online", "poll_seconds": 5, "requests_per_cycle": 10}
{"timestamp": "2026-03-19T23:19:03.098641+00:00", "level": "INFO", "message": "Worker heartbeat", "status": "online", "poll_seconds": 5, "requests_per_cycle": 10}
{"timestamp": "2026-03-19T23:20:04.292112+00:00", "level": "INFO", "message": "Worker heartbeat", "status": "online", "poll_seconds": 5, "requests_per_cycle": 10}
{"timestamp": "2026-03-19T23:21:06.219207+00:00", "level": "INFO", "message": "Worker heartbeat", "status": "online", "poll_seconds": 5, "requests_per_cycle": 10}
{"timestamp": "2026-03-19T23:22:07.475038+00:00", "level": "INFO", "message": "Worker heartbeat", "status": "online", "poll_seconds": 5, "requests_per_cycle": 10}
{"timestamp": "2026-03-19T23:23:10.920522+00:00", "level": "INFO", "message": "Worker heartbeat", "status": "online", "poll_seconds": 5, "requests_per_cycle": 10}
{"timestamp": "2026-03-19T23:24:12.185814+00:00", "level": "INFO", "message": "Worker heartbeat", "status": "online", "poll_seconds": 5, "requests_per_cycle": 10}
{"timestamp": "2026-03-19T23:25:13.692641+00:00", "level": "INFO", "message": "Worker heartbeat", "status": "online", "poll_seconds": 5, "requests_per_cycle": 10}
{"timestamp": "2026-03-19T23:26:14.974865+00:00", "level": "INFO", "message": "Worker heartbeat", "status": "online", "poll_seconds": 5, "requests_per_cycle": 10}
{"timestamp": "2026-03-19T23:27:16.208759+00:00", "level": "INFO", "message": "Worker heartbeat", "status": "online", "poll_seconds": 5, "requests_per_cycle": 10}
{"timestamp": "2026-03-19T23:28:17.545156+00:00", "level": "INFO", "message": "Worker heartbeat", "status": "online", "poll_seconds": 5, "requests_per_cycle": 10}
{"timestamp": "2026-03-19T23:29:19.246669+00:00", "level": "INFO", "message": "Worker heartbeat", "status": "online", "poll_seconds": 5, "requests_per_cycle": 10}
{"timestamp": "2026-03-19T23:30:20.550557+00:00", "level": "INFO", "message": "Worker heartbeat", "status": "online", "poll_seconds": 5, "requests_per_cycle": 10}
{"timestamp": "2026-03-19T23:31:22.300184+00:00", "level": "INFO", "message": "Worker heartbeat", "status": "online", "poll_seconds": 5, "requests_per_cycle": 10}
{"timestamp": "2026-03-19T23:32:23.519712+00:00", "level": "INFO", "message": "Worker heartbeat", "status": "online", "poll_seconds": 5, "requests_per_cycle": 10}
{"timestamp": "2026-03-19T23:33:24.752809+00:00", "level": "INFO", "message": "Worker heartbeat", "status": "online", "poll_seconds": 5, "requests_per_cycle": 10}
{"timestamp": "2026-03-19T23:34:26.510597+00:00", "level": "INFO", "message": "Worker heartbeat", "status": "online", "poll_seconds": 5, "requests_per_cycle": 10}
{"timestamp": "2026-03-19T23:35:27.917855+00:00", "level": "INFO", "message": "Worker heartbeat", "status": "online", "poll_seconds": 5, "requests_per_cycle": 10}
{"timestamp": "2026-03-19T23:36:29.043717+00:00", "level": "INFO", "message": "Worker heartbeat", "status": "online", "poll_seconds": 5, "requests_per_cycle": 10}
{"timestamp": "2026-03-19T23:37:30.407624+00:00", "level": "INFO", "message": "Worker heartbeat", "status": "online", "poll_seconds": 5, "requests_per_cycle": 10}
{"timestamp": "2026-03-19T23:38:31.646933+00:00", "level": "INFO", "message": "Worker heartbeat", "status": "online", "poll_seconds": 5, "requests_per_cycle": 10}
{"timestamp": "2026-03-19T23:39:32.826251+00:00", "level": "INFO", "message": "Worker heartbeat", "status": "online", "poll_seconds": 5, "requests_per_cycle": 10}
{"timestamp": "2026-03-19T23:40:34.070456+00:00", "level": "INFO", "message": "Worker heartbeat", "status": "online", "poll_seconds": 5, "requests_per_cycle": 10}
{"timestamp": "2026-03-19T23:41:35.350374+00:00", "level": "INFO", "message": "Worker heartbeat", "status": "online", "poll_seconds": 5, "requests_per_cycle": 10}
{"timestamp": "2026-03-19T23:42:36.633441+00:00", "level": "INFO", "message": "Worker heartbeat", "status": "online", "poll_seconds": 5, "requests_per_cycle": 10}
{"timestamp": "2026-03-19T23:43:38.296660+00:00", "level": "INFO", "message": "Worker heartbeat", "status": "online", "poll_seconds": 5, "requests_per_cycle": 10}
{"timestamp": "2026-03-19T23:44:39.891525+00:00", "level": "INFO", "message": "Worker heartbeat", "status": "online", "poll_seconds": 5, "requests_per_cycle": 10}
{"timestamp": "2026-03-19T23:45:41.614131+00:00", "level": "INFO", "message": "Worker heartbeat", "status": "online", "poll_seconds": 5, "requests_per_cycle": 10}
{"timestamp": "2026-03-19T23:46:42.920744+00:00", "level": "INFO", "message": "Worker heartbeat", "status": "online", "poll_seconds": 5, "requests_per_cycle": 10}
{"timestamp": "2026-03-19T23:47:44.231468+00:00", "level": "INFO", "message": "Worker heartbeat", "status": "online", "poll_seconds": 5, "requests_per_cycle": 10}
{"timestamp": "2026-03-19T23:48:45.552968+00:00", "level": "INFO", "message": "Worker heartbeat", "status": "online", "poll_seconds": 5, "requests_per_cycle": 10}
{"timestamp": "2026-03-19T23:49:46.818137+00:00", "level": "INFO", "message": "Worker heartbeat", "status": "online", "poll_seconds": 5, "requests_per_cycle": 10}
{"timestamp": "2026-03-19T23:50:48.145382+00:00", "level": "INFO", "message": "Worker heartbeat", "status": "online", "poll_seconds": 5, "requests_per_cycle": 10}
{"timestamp": "2026-03-19T23:51:49.870308+00:00", "level": "INFO", "message": "Worker heartbeat", "status": "online", "poll_seconds": 5, "requests_per_cycle": 10}
{"timestamp": "2026-03-19T23:52:51.917111+00:00", "level": "INFO", "message": "Worker heartbeat", "status": "online", "poll_seconds": 5, "requests_per_cycle": 10}
{"timestamp": "2026-03-19T23:53:53.469423+00:00", "level": "INFO", "message": "Worker heartbeat", "status": "online", "poll_seconds": 5, "requests_per_cycle": 10}
{"timestamp": "2026-03-19T23:54:54.704036+00:00", "level": "INFO", "message": "Worker heartbeat", "status": "online", "poll_seconds": 5, "requests_per_cycle": 10}
{"timestamp": "2026-03-19T23:55:55.956445+00:00", "level": "INFO", "message": "Worker heartbeat", "status": "online", "poll_seconds": 5, "requests_per_cycle": 10}
{"timestamp": "2026-03-19T23:56:57.205829+00:00", "level": "INFO", "message": "Worker heartbeat", "status": "online", "poll_seconds": 5, "requests_per_cycle": 10}
{"timestamp": "2026-03-19T23:57:58.543326+00:00", "level": "INFO", "message": "Worker heartbeat", "status": "online", "poll_seconds": 5, "requests_per_cycle": 10}
{"timestamp": "2026-03-19T23:58:59.765045+00:00", "level": "INFO", "message": "Worker heartbeat", "status": "online", "poll_seconds": 5, "requests_per_cycle": 10}
{"timestamp": "2026-03-20T00:00:01.026407+00:00", "level": "INFO", "message": "Worker heartbeat", "status": "online", "poll_seconds": 5, "requests_per_cycle": 10}
{"timestamp": "2026-03-20T00:01:02.496338+00:00", "level": "INFO", "message": "Worker heartbeat", "status": "online", "poll_seconds": 5, "requests_per_cycle": 10}
{"timestamp": "2026-03-20T00:02:04.397012+00:00", "level": "INFO", "message": "Worker heartbeat", "status": "online", "poll_seconds": 5, "requests_per_cycle": 10}
{"timestamp": "2026-03-20T00:03:05.682241+00:00", "level": "INFO", "message": "Worker heartbeat", "status": "online", "poll_seconds": 5, "requests_per_cycle": 10}
{"timestamp": "2026-03-20T00:04:07.114001+00:00", "level": "INFO", "message": "Worker heartbeat", "status": "online", "poll_seconds": 5, "requests_per_cycle": 10}
{"timestamp": "2026-03-20T00:05:08.564335+00:00", "level": "INFO", "message": "Worker heartbeat", "status": "online", "poll_seconds": 5, "requests_per_cycle": 10}
{"timestamp": "2026-03-20T00:06:10.018171+00:00", "level": "INFO", "message": "Worker heartbeat", "status": "online", "poll_seconds": 5, "requests_per_cycle": 10}
{"timestamp": "2026-03-20T00:07:11.366397+00:00", "level": "INFO", "message": "Worker heartbeat", "status": "online", "poll_seconds": 5, "requests_per_cycle": 10}
{"timestamp": "2026-03-20T00:08:12.708853+00:00", "level": "INFO", "message": "Worker heartbeat", "status": "online", "poll_seconds": 5, "requests_per_cycle": 10}
{"timestamp": "2026-03-20T00:09:14.037672+00:00", "level": "INFO", "message": "Worker heartbeat", "status": "online", "poll_seconds": 5, "requests_per_cycle": 10}
{"timestamp": "2026-03-20T00:10:15.353602+00:00", "level": "INFO", "message": "Worker heartbeat", "status": "online", "poll_seconds": 5, "requests_per_cycle": 10}
{"timestamp": "2026-03-20T00:11:16.674897+00:00", "level": "INFO", "message": "Worker heartbeat", "status": "online", "poll_seconds": 5, "requests_per_cycle": 10}
{"timestamp": "2026-03-20T00:12:19.235450+00:00", "level": "INFO", "message": "Worker heartbeat", "status": "online", "poll_seconds": 5, "requests_per_cycle": 10}
{"timestamp": "2026-03-20T00:13:21.047278+00:00", "level": "INFO", "message": "Worker heartbeat", "status": "online", "poll_seconds": 5, "requests_per_cycle": 10}
{"timestamp": "2026-03-20T00:14:22.331347+00:00", "level": "INFO", "message": "Worker heartbeat", "status": "online", "poll_seconds": 5, "requests_per_cycle": 10}
{"timestamp": "2026-03-20T00:17:18.253102+00:00", "level": "INFO", "message": "Worker heartbeat", "status": "online", "poll_seconds": 5, "requests_per_cycle": 10}
{"timestamp": "2026-03-20T00:18:20.404654+00:00", "level": "INFO", "message": "Worker heartbeat", "status": "online", "poll_seconds": 5, "requests_per_cycle": 10}
{"timestamp": "2026-03-20T00:19:22.068639+00:00", "level": "INFO", "message": "Worker heartbeat", "status": "online", "poll_seconds": 5, "requests_per_cycle": 10}
{"timestamp": "2026-03-20T00:20:23.395815+00:00", "level": "INFO", "message": "Worker heartbeat", "status": "online", "poll_seconds": 5, "requests_per_cycle": 10}
{"timestamp": "2026-03-20T00:21:26.194284+00:00", "level": "INFO", "message": "Worker heartbeat", "status": "online", "poll_seconds": 5, "requests_per_cycle": 10}
{"timestamp": "2026-03-20T00:22:27.578037+00:00", "level": "INFO", "message": "Worker heartbeat", "status": "online", "poll_seconds": 5, "requests_per_cycle": 10}
{"timestamp": "2026-03-20T00:23:28.785889+00:00", "level": "INFO", "message": "Worker heartbeat", "status": "online", "poll_seconds": 5, "requests_per_cycle": 10}
{"timestamp": "2026-03-20T00:24:30.015075+00:00", "level": "INFO", "message": "Worker heartbeat", "status": "online", "poll_seconds": 5, "requests_per_cycle": 10}
{"timestamp": "2026-03-20T00:25:31.820459+00:00", "level": "INFO", "message": "Worker heartbeat", "status": "online", "poll_seconds": 5, "requests_per_cycle": 10}
{"timestamp": "2026-03-20T00:26:33.139409+00:00", "level": "INFO", "message": "Worker heartbeat", "status": "online", "poll_seconds": 5, "requests_per_cycle": 10}
{"timestamp": "2026-03-20T00:27:34.537140+00:00", "level": "INFO", "message": "Worker heartbeat", "status": "online", "poll_seconds": 5, "requests_per_cycle": 10}
{"timestamp": "2026-03-20T00:28:36.063831+00:00", "level": "INFO", "message": "Worker heartbeat", "status": "online", "poll_seconds": 5, "requests_per_cycle": 10}
{"timestamp": "2026-03-20T00:29:37.271964+00:00", "level": "INFO", "message": "Worker heartbeat", "status": "online", "poll_seconds": 5, "requests_per_cycle": 10}
{"timestamp": "2026-03-20T00:30:38.437364+00:00", "level": "INFO", "message": "Worker heartbeat", "status": "online", "poll_seconds": 5, "requests_per_cycle": 10}
{"timestamp": "2026-03-20T00:31:39.771205+00:00", "level": "INFO", "message": "Worker heartbeat", "status": "online", "poll_seconds": 5, "requests_per_cycle": 10}
{"timestamp": "2026-03-20T00:32:40.995624+00:00", "level": "INFO", "message": "Worker heartbeat", "status": "online", "poll_seconds": 5, "requests_per_cycle": 10}
{"timestamp": "2026-03-20T00:33:42.156920+00:00", "level": "INFO", "message": "Worker heartbeat", "status": "online", "poll_seconds": 5, "requests_per_cycle": 10}
{"timestamp": "2026-03-20T00:34:44.494543+00:00", "level": "INFO", "message": "Worker heartbeat", "status": "online", "poll_seconds": 5, "requests_per_cycle": 10}
{"timestamp": "2026-03-20T00:35:46.151391+00:00", "level": "INFO", "message": "Worker heartbeat", "status": "online", "poll_seconds": 5, "requests_per_cycle": 10}
{"timestamp": "2026-03-20T00:36:47.506403+00:00", "level": "INFO", "message": "Worker heartbeat", "status": "online", "poll_seconds": 5, "requests_per_cycle": 10}
{"timestamp": "2026-03-20T00:37:48.679347+00:00", "level": "INFO", "message": "Worker heartbeat", "status": "online", "poll_seconds": 5, "requests_per_cycle": 10}
{"timestamp": "2026-03-20T00:38:49.852456+00:00", "level": "INFO", "message": "Worker heartbeat", "status": "online", "poll_seconds": 5, "requests_per_cycle": 10}
{"timestamp": "2026-03-20T00:39:51.053206+00:00", "level": "INFO", "message": "Worker heartbeat", "status": "online", "poll_seconds": 5, "requests_per_cycle": 10}
{"timestamp": "2026-03-20T00:40:52.248379+00:00", "level": "INFO", "message": "Worker heartbeat", "status": "online", "poll_seconds": 5, "requests_per_cycle": 10}
{"timestamp": "2026-03-20T00:41:53.517466+00:00", "level": "INFO", "message": "Worker heartbeat", "status": "online", "poll_seconds": 5, "requests_per_cycle": 10}
{"timestamp": "2026-03-20T00:42:56.215885+00:00", "level": "INFO", "message": "Worker heartbeat", "status": "online", "poll_seconds": 5, "requests_per_cycle": 10}
{"timestamp": "2026-03-20T00:43:58.824820+00:00", "level": "INFO", "message": "Worker heartbeat", "status": "online", "poll_seconds": 5, "requests_per_cycle": 10}
{"timestamp": "2026-03-20T00:45:01.521032+00:00", "level": "INFO", "message": "Worker heartbeat", "status": "online", "poll_seconds": 5, "requests_per_cycle": 10}
{"timestamp": "2026-03-20T00:46:03.319711+00:00", "level": "INFO", "message": "Worker heartbeat", "status": "online", "poll_seconds": 5, "requests_per_cycle": 10}
{"timestamp": "2026-03-20T00:47:04.576255+00:00", "level": "INFO", "message": "Worker heartbeat", "status": "online", "poll_seconds": 5, "requests_per_cycle": 10}
{"timestamp": "2026-03-20T00:48:05.867404+00:00", "level": "INFO", "message": "Worker heartbeat", "status": "online", "poll_seconds": 5, "requests_per_cycle": 10}
{"timestamp": "2026-03-20T00:49:07.034966+00:00", "level": "INFO", "message": "Worker heartbeat", "status": "online", "poll_seconds": 5, "requests_per_cycle": 10}
{"timestamp": "2026-03-20T00:50:08.208128+00:00", "level": "INFO", "message": "Worker heartbeat", "status": "online", "poll_seconds": 5, "requests_per_cycle": 10}
{"timestamp": "2026-03-20T00:51:09.400470+00:00", "level": "INFO", "message": "Worker heartbeat", "status": "online", "poll_seconds": 5, "requests_per_cycle": 10}
{"timestamp": "2026-03-20T00:52:10.543492+00:00", "level": "INFO", "message": "Worker heartbeat", "status": "online", "poll_seconds": 5, "requests_per_cycle": 10}
{"timestamp": "2026-03-20T00:53:12.318449+00:00", "level": "INFO", "message": "Worker heartbeat", "status": "online", "poll_seconds": 5, "requests_per_cycle": 10}
