{"timestamp": "2026-03-17T22:22:58.199858+00:00", "level": "INFO", "message": "Worker started", "supabase_url": "https://hppeuzpgmywjniidqatw.supabase.co", "legacy_google_sheets_enabled": false}
{"timestamp": "2026-03-17T22:23:01.595908+00:00", "level": "INFO", "message": "Worker heartbeat", "status": "online", "poll_seconds": 5, "requests_per_cycle": 10}
{"timestamp": "2026-03-17T22:24:04.393155+00:00", "level": "INFO", "message": "Worker heartbeat", "status": "online", "poll_seconds": 5, "requests_per_cycle": 10}
{"timestamp": "2026-03-17T22:25:06.768636+00:00", "level": "INFO", "message": "Worker heartbeat", "status": "online", "poll_seconds": 5, "requests_per_cycle": 10}
{"timestamp": "2026-03-17T22:26:08.972214+00:00", "level": "INFO", "message": "Worker heartbeat", "status": "online", "poll_seconds": 5, "requests_per_cycle": 10}
{"timestamp": "2026-03-17T22:27:11.179432+00:00", "level": "INFO", "message": "Worker heartbeat", "status": "online", "poll_seconds": 5, "requests_per_cycle": 10}
{"timestamp": "2026-03-17T22:27:41.694701+00:00", "level": "INFO", "message": "Quote response published to internal chat", "request_id": "CT-260317222728", "request_quote_id": "c79ff44b-1ff2-4fee-8e96-f316386bb9c6", "thread_id": "3b9ece10-8076-465d-938f-ea529c972f56"}
{"timestamp": "2026-03-17T22:27:41.695591+00:00", "level": "INFO", "message": "Request quoted successfully", "request_id": "CT-260317222728", "request_quote_id": "c79ff44b-1ff2-4fee-8e96-f316386bb9c6", "item_count": 1, "ai_provider": "template"}
{"timestamp": "2026-03-17T22:28:12.996143+00:00", "level": "INFO", "message": "Worker heartbeat", "status": "online", "poll_seconds": 5, "requests_per_cycle": 10}
{"timestamp": "2026-03-17T22:29:15.573212+00:00", "level": "INFO", "message": "Worker heartbeat", "status": "online", "poll_seconds": 5, "requests_per_cycle": 10}
{"timestamp": "2026-03-17T22:30:18.537331+00:00", "level": "INFO", "message": "Worker heartbeat", "status": "online", "poll_seconds": 5, "requests_per_cycle": 10}
{"timestamp": "2026-03-17T22:31:23.063316+00:00", "level": "INFO", "message": "Worker heartbeat", "status": "online", "poll_seconds": 5, "requests_per_cycle": 10}
{"timestamp": "2026-03-17T22:32:26.291832+00:00", "level": "INFO", "message": "Worker heartbeat", "status": "online", "poll_seconds": 5, "requests_per_cycle": 10}
{"timestamp": "2026-03-17T22:33:28.491906+00:00", "level": "INFO", "message": "Worker heartbeat", "status": "online", "poll_seconds": 5, "requests_per_cycle": 10}
{"timestamp": "2026-03-17T22:34:30.890432+00:00", "level": "INFO", "message": "Worker heartbeat", "status": "online", "poll_seconds": 5, "requests_per_cycle": 10}
{"timestamp": "2026-03-17T22:35:33.173986+00:00", "level": "INFO", "message": "Worker heartbeat", "status": "online", "poll_seconds": 5, "requests_per_cycle": 10}
{"timestamp": "2026-03-17T22:36:35.919368+00:00", "level": "INFO", "message": "Worker heartbeat", "status": "online", "poll_seconds": 5, "requests_per_cycle": 10}
{"timestamp": "2026-03-17T22:37:38.376156+00:00", "level": "INFO", "message": "Worker heartbeat", "status": "online", "poll_seconds": 5, "requests_per_cycle": 10}
{"timestamp": "2026-03-17T22:38:40.949705+00:00", "level": "INFO", "message": "Worker heartbeat", "status": "online", "poll_seconds": 5, "requests_per_cycle": 10}
{"timestamp": "2026-03-17T22:39:43.336731+00:00", "level": "INFO", "message": "Worker heartbeat", "status": "online", "poll_seconds": 5, "requests_per_cycle": 10}
{"timestamp": "2026-03-17T22:40:46.501620+00:00", "level": "INFO", "message": "Worker heartbeat", "status": "online", "poll_seconds": 5, "requests_per_cycle": 10}
{"timestamp": "2026-03-17T22:41:48.913561+00:00", "level": "INFO", "message": "Worker heartbeat", "status": "online", "poll_seconds": 5, "requests_per_cycle": 10}
{"timestamp": "2026-03-17T22:42:52.704031+00:00", "level": "INFO", "message": "Worker heartbeat", "status": "online", "poll_seconds": 5, "requests_per_cycle": 10}
{"timestamp": "2026-03-17T22:43:55.202385+00:00", "level": "INFO", "message": "Worker heartbeat", "status": "online", "poll_seconds": 5, "requests_per_cycle": 10}
{"timestamp": "2026-03-17T22:44:57.863696+00:00", "level": "INFO", "message": "Worker heartbeat", "status": "online", "poll_seconds": 5, "requests_per_cycle": 10}
{"timestamp": "2026-03-17T22:46:01.906025+00:00", "level": "INFO", "message": "Worker heartbeat", "status": "online", "poll_seconds": 5, "requests_per_cycle": 10}
{"timestamp": "2026-03-17T22:47:06.436419+00:00", "level": "INFO", "message": "Worker heartbeat", "status": "online", "poll_seconds": 5, "requests_per_cycle": 10}
{"timestamp": "2026-03-17T22:48:10.503131+00:00", "level": "INFO", "message": "Worker heartbeat", "status": "online", "poll_seconds": 5, "requests_per_cycle": 10}
{"timestamp": "2026-03-17T22:49:12.862028+00:00", "level": "INFO", "message": "Worker heartbeat", "status": "online", "poll_seconds": 5, "requests_per_cycle": 10}
{"timestamp": "2026-03-17T22:50:15.449761+00:00", "level": "INFO", "message": "Worker heartbeat", "status": "online", "poll_seconds": 5, "requests_per_cycle": 10}
{"timestamp": "2026-03-17T22:51:17.785674+00:00", "level": "INFO", "message": "Worker heartbeat", "status": "online", "poll_seconds": 5, "requests_per_cycle": 10}
{"timestamp": "2026-03-17T22:52:20.247982+00:00", "level": "INFO", "message": "Worker heartbeat", "status": "online", "poll_seconds": 5, "requests_per_cycle": 10}
{"timestamp": "2026-03-17T22:53:25.075063+00:00", "level": "INFO", "message": "Worker heartbeat", "status": "online", "poll_seconds": 5, "requests_per_cycle": 10}
{"timestamp": "2026-03-17T22:54:27.831820+00:00", "level": "INFO", "message": "Worker heartbeat", "status": "online", "poll_seconds": 5, "requests_per_cycle": 10}
{"timestamp": "2026-03-17T22:55:30.326585+00:00", "level": "INFO", "message": "Worker heartbeat", "status": "online", "poll_seconds": 5, "requests_per_cycle": 10}
{"timestamp": "2026-03-17T22:56:32.785931+00:00", "level": "INFO", "message": "Worker heartbeat", "status": "online", "poll_seconds": 5, "requests_per_cycle": 10}
{"timestamp": "2026-03-17T22:57:35.051029+00:00", "level": "INFO", "message": "Worker heartbeat", "status": "online", "poll_seconds": 5, "requests_per_cycle": 10}
{"timestamp": "2026-03-17T22:58:37.241180+00:00", "level": "INFO", "message": "Worker heartbeat", "status": "online", "poll_seconds": 5, "requests_per_cycle": 10}
{"timestamp": "2026-03-17T22:59:39.267730+00:00", "level": "INFO", "message": "Worker heartbeat", "status": "online", "poll_seconds": 5, "requests_per_cycle": 10}
{"timestamp": "2026-03-17T23:00:42.037140+00:00", "level": "INFO", "message": "Worker heartbeat", "status": "online", "poll_seconds": 5, "requests_per_cycle": 10}
{"timestamp": "2026-03-17T23:01:42.706455+00:00", "level": "INFO", "message": "Worker heartbeat", "status": "online", "poll_seconds": 5, "requests_per_cycle": 10}
{"timestamp": "2026-03-17T23:02:45.696015+00:00", "level": "INFO", "message": "Worker heartbeat", "status": "online", "poll_seconds": 5, "requests_per_cycle": 10}
{"timestamp": "2026-03-17T23:03:48.176293+00:00", "level": "INFO", "message": "Worker heartbeat", "status": "online", "poll_seconds": 5, "requests_per_cycle": 10}
{"timestamp": "2026-03-17T23:04:51.613420+00:00", "level": "INFO", "message": "Worker heartbeat", "status": "online", "poll_seconds": 5, "requests_per_cycle": 10}
{"timestamp": "2026-03-17T23:05:54.033497+00:00", "level": "INFO", "message": "Worker heartbeat", "status": "online", "poll_seconds": 5, "requests_per_cycle": 10}
{"timestamp": "2026-03-17T23:06:52.414361+00:00", "level": "INFO", "message": "Quote response published to internal chat", "request_id": "CT-260317230620", "request_quote_id": "bfa75851-7cb5-4264-9a91-65a4aaf7d280", "thread_id": "be8ff62b-a436-4e46-9d7d-cffff0b7876b"}
{"timestamp": "2026-03-17T23:06:52.415300+00:00", "level": "INFO", "message": "Request quoted successfully", "request_id": "CT-260317230620", "request_quote_id": "bfa75851-7cb5-4264-9a91-65a4aaf7d280", "item_count": 2, "ai_provider": "template"}
{"timestamp": "2026-03-17T23:06:57.779279+00:00", "level": "INFO", "message": "Worker heartbeat", "status": "online", "poll_seconds": 5, "requests_per_cycle": 10}
{"timestamp": "2026-03-17T23:08:00.281671+00:00", "level": "INFO", "message": "Worker heartbeat", "status": "online", "poll_seconds": 5, "requests_per_cycle": 10}
{"timestamp": "2026-03-17T23:09:02.478687+00:00", "level": "INFO", "message": "Worker heartbeat", "status": "online", "poll_seconds": 5, "requests_per_cycle": 10}
{"timestamp": "2026-03-17T23:10:04.902103+00:00", "level": "INFO", "message": "Worker heartbeat", "status": "online", "poll_seconds": 5, "requests_per_cycle": 10}
{"timestamp": "2026-03-17T23:11:06.765847+00:00", "level": "INFO", "message": "Worker heartbeat", "status": "online", "poll_seconds": 5, "requests_per_cycle": 10}
{"timestamp": "2026-03-17T23:12:09.295159+00:00", "level": "INFO", "message": "Worker heartbeat", "status": "online", "poll_seconds": 5, "requests_per_cycle": 10}
{"timestamp": "2026-03-17T23:13:11.972000+00:00", "level": "INFO", "message": "Worker heartbeat", "status": "online", "poll_seconds": 5, "requests_per_cycle": 10}
{"timestamp": "2026-03-17T23:14:14.387369+00:00", "level": "INFO", "message": "Worker heartbeat", "status": "online", "poll_seconds": 5, "requests_per_cycle": 10}
{"timestamp": "2026-03-17T23:15:16.622063+00:00", "level": "INFO", "message": "Worker heartbeat", "status": "online", "poll_seconds": 5, "requests_per_cycle": 10}
{"timestamp": "2026-03-17T23:16:19.006669+00:00", "level": "INFO", "message": "Worker heartbeat", "status": "online", "poll_seconds": 5, "requests_per_cycle": 10}
{"timestamp": "2026-03-17T23:17:21.102295+00:00", "level": "INFO", "message": "Worker heartbeat", "status": "online", "poll_seconds": 5, "requests_per_cycle": 10}
{"timestamp": "2026-03-17T23:18:25.619443+00:00", "level": "INFO", "message": "Worker heartbeat", "status": "online", "poll_seconds": 5, "requests_per_cycle": 10}
{"timestamp": "2026-03-17T23:19:28.514477+00:00", "level": "INFO", "message": "Worker heartbeat", "status": "online", "poll_seconds": 5, "requests_per_cycle": 10}
{"timestamp": "2026-03-17T23:20:31.325081+00:00", "level": "INFO", "message": "Worker heartbeat", "status": "online", "poll_seconds": 5, "requests_per_cycle": 10}
{"timestamp": "2026-03-17T23:21:33.600183+00:00", "level": "INFO", "message": "Worker heartbeat", "status": "online", "poll_seconds": 5, "requests_per_cycle": 10}
{"timestamp": "2026-03-17T23:22:35.661567+00:00", "level": "INFO", "message": "Worker heartbeat", "status": "online", "poll_seconds": 5, "requests_per_cycle": 10}
{"timestamp": "2026-03-17T23:49:26.828761+00:00", "level": "INFO", "message": "Worker heartbeat", "status": "online", "poll_seconds": 5, "requests_per_cycle": 10}
{"timestamp": "2026-03-17T23:50:27.319112+00:00", "level": "INFO", "message": "Worker heartbeat", "status": "online", "poll_seconds": 5, "requests_per_cycle": 10}
{"timestamp": "2026-03-17T23:51:28.239929+00:00", "level": "INFO", "message": "Worker heartbeat", "status": "online", "poll_seconds": 5, "requests_per_cycle": 10}
{"timestamp": "2026-03-17T23:52:31.469149+00:00", "level": "INFO", "message": "Worker heartbeat", "status": "online", "poll_seconds": 5, "requests_per_cycle": 10}
{"timestamp": "2026-03-17T23:53:34.000997+00:00", "level": "INFO", "message": "Worker heartbeat", "status": "online", "poll_seconds": 5, "requests_per_cycle": 10}
{"timestamp": "2026-03-17T23:54:37.347209+00:00", "level": "INFO", "message": "Worker heartbeat", "status": "online", "poll_seconds": 5, "requests_per_cycle": 10}
{"timestamp": "2026-03-17T23:55:39.860995+00:00", "level": "INFO", "message": "Worker heartbeat", "status": "online", "poll_seconds": 5, "requests_per_cycle": 10}
{"timestamp": "2026-03-17T23:56:42.599421+00:00", "level": "INFO", "message": "Worker heartbeat", "status": "online", "poll_seconds": 5, "requests_per_cycle": 10}
{"timestamp": "2026-03-17T23:57:44.959221+00:00", "level": "INFO", "message": "Worker heartbeat", "status": "online", "poll_seconds": 5, "requests_per_cycle": 10}
{"timestamp": "2026-03-17T23:58:47.551495+00:00", "level": "INFO", "message": "Worker heartbeat", "status": "online", "poll_seconds": 5, "requests_per_cycle": 10}
{"timestamp": "2026-03-17T23:59:50.488265+00:00", "level": "INFO", "message": "Worker heartbeat", "status": "online", "poll_seconds": 5, "requests_per_cycle": 10}
{"timestamp": "2026-03-18T00:00:52.160401+00:00", "level": "INFO", "message": "Worker heartbeat", "status": "online", "poll_seconds": 5, "requests_per_cycle": 10}
{"timestamp": "2026-03-18T00:01:56.391554+00:00", "level": "INFO", "message": "Worker heartbeat", "status": "online", "poll_seconds": 5, "requests_per_cycle": 10}
{"timestamp": "2026-03-18T00:02:56.584514+00:00", "level": "INFO", "message": "Worker heartbeat", "status": "online", "poll_seconds": 5, "requests_per_cycle": 10}
{"timestamp": "2026-03-18T00:03:59.840375+00:00", "level": "INFO", "message": "Worker heartbeat", "status": "online", "poll_seconds": 5, "requests_per_cycle": 10}
{"timestamp": "2026-03-18T00:05:02.214244+00:00", "level": "INFO", "message": "Worker heartbeat", "status": "online", "poll_seconds": 5, "requests_per_cycle": 10}
{"timestamp": "2026-03-18T00:06:04.517017+00:00", "level": "INFO", "message": "Worker heartbeat", "status": "online", "poll_seconds": 5, "requests_per_cycle": 10}
{"timestamp": "2026-03-18T00:07:06.842752+00:00", "level": "INFO", "message": "Worker heartbeat", "status": "online", "poll_seconds": 5, "requests_per_cycle": 10}
{"timestamp": "2026-03-18T00:08:09.160852+00:00", "level": "INFO", "message": "Worker heartbeat", "status": "online", "poll_seconds": 5, "requests_per_cycle": 10}
{"timestamp": "2026-03-18T00:09:12.053230+00:00", "level": "INFO", "message": "Worker heartbeat", "status": "online", "poll_seconds": 5, "requests_per_cycle": 10}
{"timestamp": "2026-03-18T00:10:14.323513+00:00", "level": "INFO", "message": "Worker heartbeat", "status": "online", "poll_seconds": 5, "requests_per_cycle": 10}
{"timestamp": "2026-03-18T00:11:16.625733+00:00", "level": "INFO", "message": "Worker heartbeat", "status": "online", "poll_seconds": 5, "requests_per_cycle": 10}
{"timestamp": "2026-03-18T00:12:21.283211+00:00", "level": "INFO", "message": "Worker heartbeat", "status": "online", "poll_seconds": 5, "requests_per_cycle": 10}
{"timestamp": "2026-03-18T00:13:24.309608+00:00", "level": "INFO", "message": "Worker heartbeat", "status": "online", "poll_seconds": 5, "requests_per_cycle": 10}
{"timestamp": "2026-03-18T00:14:26.534441+00:00", "level": "INFO", "message": "Worker heartbeat", "status": "online", "poll_seconds": 5, "requests_per_cycle": 10}
{"timestamp": "2026-03-18T00:15:28.716248+00:00", "level": "INFO", "message": "Worker heartbeat", "status": "online", "poll_seconds": 5, "requests_per_cycle": 10}
{"timestamp": "2026-03-18T00:16:31.468237+00:00", "level": "INFO", "message": "Worker heartbeat", "status": "online", "poll_seconds": 5, "requests_per_cycle": 10}
{"timestamp": "2026-03-18T00:17:36.210238+00:00", "level": "INFO", "message": "Worker heartbeat", "status": "online", "poll_seconds": 5, "requests_per_cycle": 10}
{"timestamp": "2026-03-18T00:18:38.889307+00:00", "level": "INFO", "message": "Worker heartbeat", "status": "online", "poll_seconds": 5, "requests_per_cycle": 10}
{"timestamp": "2026-03-18T00:19:41.161939+00:00", "level": "INFO", "message": "Worker heartbeat", "status": "online", "poll_seconds": 5, "requests_per_cycle": 10}
{"timestamp": "2026-03-18T00:20:43.836306+00:00", "level": "INFO", "message": "Worker heartbeat", "status": "online", "poll_seconds": 5, "requests_per_cycle": 10}
{"timestamp": "2026-03-18T00:21:47.530106+00:00", "level": "INFO", "message": "Worker heartbeat", "status": "online", "poll_seconds": 5, "requests_per_cycle": 10}
{"timestamp": "2026-03-18T00:28:18.475284+00:00", "level": "ERROR", "message": "Failed to record worker heartbeat", "status": "degraded", "error": "HTTPSConnectionPool(host='hppeuzpgmywjniidqatw.supabase.co', port=443): Max retries exceeded with url: /rest/v1/worker_heartbeats (Caused by NameResolutionError(\"HTTPSConnection(host='hppeuzpgmywjniidqatw.supabase.co', port=443): Failed to resolve 'hppeuzpgmywjniidqatw.supabase.co' ([Errno 11001] getaddrinfo failed)\"))"}
{"timestamp": "2026-03-18T00:28:18.476105+00:00", "level": "INFO", "message": "Worker heartbeat", "status": "degraded", "poll_seconds": 5, "requests_per_cycle": 10, "error": "HTTPSConnectionPool(host='hppeuzpgmywjniidqatw.supabase.co', port=443): Max retries exceeded with url: /rest/v1/requests?select=%2A&status=in.%28NEW%2CRECEIVED%2CPENDING_QUOTE%29&order=created_at.asc&limit=10 (Caused by NameResolutionError(\"HTTPSConnection(host='hppeuzpgmywjniidqatw.supabase.co', port=443): Failed to resolve 'hppeuzpgmywjniidqatw.supabase.co' ([Errno 11001] getaddrinfo failed)\"))"}
{"timestamp": "2026-03-18T00:28:18.476549+00:00", "level": "ERROR", "message": "Worker main loop failed", "error": "ConnectionError(MaxRetryError('HTTPSConnectionPool(host=\\'hppeuzpgmywjniidqatw.supabase.co\\', port=443): Max retries exceeded with url: /rest/v1/requests?select=%2A&status=in.%28NEW%2CRECEIVED%2CPENDING_QUOTE%29&order=created_at.asc&limit=10 (Caused by NameResolutionError(\"HTTPSConnection(host=\\'hppeuzpgmywjniidqatw.supabase.co\\', port=443): Failed to resolve \\'hppeuzpgmywjniidqatw.supabase.co\\' ([Errno 11001] getaddrinfo failed)\"))'))"}
{"timestamp": "2026-03-18T00:28:31.920780+00:00", "level": "ERROR", "message": "Failed to record worker heartbeat", "status": "degraded", "error": "HTTPSConnectionPool(host='hppeuzpgmywjniidqatw.supabase.co', port=443): Max retries exceeded with url: /rest/v1/worker_heartbeats (Caused by NameResolutionError(\"HTTPSConnection(host='hppeuzpgmywjniidqatw.supabase.co', port=443): Failed to resolve 'hppeuzpgmywjniidqatw.supabase.co' ([Errno 11001] getaddrinfo failed)\"))"}
{"timestamp": "2026-03-18T00:28:31.921510+00:00", "level": "INFO", "message": "Worker heartbeat", "status": "degraded", "poll_seconds": 5, "requests_per_cycle": 10, "error": "HTTPSConnectionPool(host='hppeuzpgmywjniidqatw.supabase.co', port=443): Max retries exceeded with url: /rest/v1/requests?select=%2A&status=in.%28NEW%2CRECEIVED%2CPENDING_QUOTE%29&order=created_at.asc&limit=10 (Caused by NameResolutionError(\"HTTPSConnection(host='hppeuzpgmywjniidqatw.supabase.co', port=443): Failed to resolve 'hppeuzpgmywjniidqatw.supabase.co' ([Errno 11001] getaddrinfo failed)\"))"}
{"timestamp": "2026-03-18T00:28:31.922101+00:00", "level": "ERROR", "message": "Worker main loop failed", "error": "ConnectionError(MaxRetryError('HTTPSConnectionPool(host=\\'hppeuzpgmywjniidqatw.supabase.co\\', port=443): Max retries exceeded with url: /rest/v1/requests?select=%2A&status=in.%28NEW%2CRECEIVED%2CPENDING_QUOTE%29&order=created_at.asc&limit=10 (Caused by NameResolutionError(\"HTTPSConnection(host=\\'hppeuzpgmywjniidqatw.supabase.co\\', port=443): Failed to resolve \\'hppeuzpgmywjniidqatw.supabase.co\\' ([Errno 11001] getaddrinfo failed)\"))'))"}
{"timestamp": "2026-03-18T00:28:46.524871+00:00", "level": "ERROR", "message": "Failed to record worker heartbeat", "status": "degraded", "error": "HTTPSConnectionPool(host='hppeuzpgmywjniidqatw.supabase.co', port=443): Max retries exceeded with url: /rest/v1/worker_heartbeats (Caused by NameResolutionError(\"HTTPSConnection(host='hppeuzpgmywjniidqatw.supabase.co', port=443): Failed to resolve 'hppeuzpgmywjniidqatw.supabase.co' ([Errno 11001] getaddrinfo failed)\"))"}
{"timestamp": "2026-03-18T00:28:46.525393+00:00", "level": "INFO", "message": "Worker heartbeat", "status": "degraded", "poll_seconds": 5, "requests_per_cycle": 10, "error": "HTTPSConnectionPool(host='hppeuzpgmywjniidqatw.supabase.co', port=443): Max retries exceeded with url: /rest/v1/requests?select=%2A&status=in.%28NEW%2CRECEIVED%2CPENDING_QUOTE%29&order=created_at.asc&limit=10 (Caused by NameResolutionError(\"HTTPSConnection(host='hppeuzpgmywjniidqatw.supabase.co', port=443): Failed to resolve 'hppeuzpgmywjniidqatw.supabase.co' ([Errno 11001] getaddrinfo failed)\"))"}
{"timestamp": "2026-03-18T00:28:46.525831+00:00", "level": "ERROR", "message": "Worker main loop failed", "error": "ConnectionError(MaxRetryError('HTTPSConnectionPool(host=\\'hppeuzpgmywjniidqatw.supabase.co\\', port=443): Max retries exceeded with url: /rest/v1/requests?select=%2A&status=in.%28NEW%2CRECEIVED%2CPENDING_QUOTE%29&order=created_at.asc&limit=10 (Caused by NameResolutionError(\"HTTPSConnection(host=\\'hppeuzpgmywjniidqatw.supabase.co\\', port=443): Failed to resolve \\'hppeuzpgmywjniidqatw.supabase.co\\' ([Errno 11001] getaddrinfo failed)\"))'))"}
{"timestamp": "2026-03-18T00:29:00.869837+00:00", "level": "ERROR", "message": "Failed to record worker heartbeat", "status": "degraded", "error": "HTTPSConnectionPool(host='hppeuzpgmywjniidqatw.supabase.co', port=443): Max retries exceeded with url: /rest/v1/worker_heartbeats (Caused by NameResolutionError(\"HTTPSConnection(host='hppeuzpgmywjniidqatw.supabase.co', port=443): Failed to resolve 'hppeuzpgmywjniidqatw.supabase.co' ([Errno 11001] getaddrinfo failed)\"))"}
{"timestamp": "2026-03-18T00:29:00.870528+00:00", "level": "INFO", "message": "Worker heartbeat", "status": "degraded", "poll_seconds": 5, "requests_per_cycle": 10, "error": "HTTPSConnectionPool(host='hppeuzpgmywjniidqatw.supabase.co', port=443): Max retries exceeded with url: /rest/v1/requests?select=%2A&status=in.%28NEW%2CRECEIVED%2CPENDING_QUOTE%29&order=created_at.asc&limit=10 (Caused by NameResolutionError(\"HTTPSConnection(host='hppeuzpgmywjniidqatw.supabase.co', port=443): Failed to resolve 'hppeuzpgmywjniidqatw.supabase.co' ([Errno 11001] getaddrinfo failed)\"))"}
{"timestamp": "2026-03-18T00:29:00.871010+00:00", "level": "ERROR", "message": "Worker main loop failed", "error": "ConnectionError(MaxRetryError('HTTPSConnectionPool(host=\\'hppeuzpgmywjniidqatw.supabase.co\\', port=443): Max retries exceeded with url: /rest/v1/requests?select=%2A&status=in.%28NEW%2CRECEIVED%2CPENDING_QUOTE%29&order=created_at.asc&limit=10 (Caused by NameResolutionError(\"HTTPSConnection(host=\\'hppeuzpgmywjniidqatw.supabase.co\\', port=443): Failed to resolve \\'hppeuzpgmywjniidqatw.supabase.co\\' ([Errno 11001] getaddrinfo failed)\"))'))"}
{"timestamp": "2026-03-18T00:29:14.669913+00:00", "level": "ERROR", "message": "Failed to record worker heartbeat", "status": "degraded", "error": "HTTPSConnectionPool(host='hppeuzpgmywjniidqatw.supabase.co', port=443): Max retries exceeded with url: /rest/v1/worker_heartbeats (Caused by NameResolutionError(\"HTTPSConnection(host='hppeuzpgmywjniidqatw.supabase.co', port=443): Failed to resolve 'hppeuzpgmywjniidqatw.supabase.co' ([Errno 11001] getaddrinfo failed)\"))"}
{"timestamp": "2026-03-18T00:29:14.672242+00:00", "level": "INFO", "message": "Worker heartbeat", "status": "degraded", "poll_seconds": 5, "requests_per_cycle": 10, "error": "HTTPSConnectionPool(host='hppeuzpgmywjniidqatw.supabase.co', port=443): Max retries exceeded with url: /rest/v1/requests?select=%2A&status=in.%28NEW%2CRECEIVED%2CPENDING_QUOTE%29&order=created_at.asc&limit=10 (Caused by NameResolutionError(\"HTTPSConnection(host='hppeuzpgmywjniidqatw.supabase.co', port=443): Failed to resolve 'hppeuzpgmywjniidqatw.supabase.co' ([Errno 11001] getaddrinfo failed)\"))"}
{"timestamp": "2026-03-18T00:29:14.672824+00:00", "level": "ERROR", "message": "Worker main loop failed", "error": "ConnectionError(MaxRetryError('HTTPSConnectionPool(host=\\'hppeuzpgmywjniidqatw.supabase.co\\', port=443): Max retries exceeded with url: /rest/v1/requests?select=%2A&status=in.%28NEW%2CRECEIVED%2CPENDING_QUOTE%29&order=created_at.asc&limit=10 (Caused by NameResolutionError(\"HTTPSConnection(host=\\'hppeuzpgmywjniidqatw.supabase.co\\', port=443): Failed to resolve \\'hppeuzpgmywjniidqatw.supabase.co\\' ([Errno 11001] getaddrinfo failed)\"))'))"}
{"timestamp": "2026-03-18T00:29:29.219995+00:00", "level": "ERROR", "message": "Failed to record worker heartbeat", "status": "degraded", "error": "HTTPSConnectionPool(host='hppeuzpgmywjniidqatw.supabase.co', port=443): Max retries exceeded with url: /rest/v1/worker_heartbeats (Caused by NameResolutionError(\"HTTPSConnection(host='hppeuzpgmywjniidqatw.supabase.co', port=443): Failed to resolve 'hppeuzpgmywjniidqatw.supabase.co' ([Errno 11001] getaddrinfo failed)\"))"}
{"timestamp": "2026-03-18T00:29:29.220512+00:00", "level": "INFO", "message": "Worker heartbeat", "status": "degraded", "poll_seconds": 5, "requests_per_cycle": 10, "error": "HTTPSConnectionPool(host='hppeuzpgmywjniidqatw.supabase.co', port=443): Max retries exceeded with url: /rest/v1/requests?select=%2A&status=in.%28NEW%2CRECEIVED%2CPENDING_QUOTE%29&order=created_at.asc&limit=10 (Caused by NameResolutionError(\"HTTPSConnection(host='hppeuzpgmywjniidqatw.supabase.co', port=443): Failed to resolve 'hppeuzpgmywjniidqatw.supabase.co' ([Errno 11001] getaddrinfo failed)\"))"}
{"timestamp": "2026-03-18T00:29:29.220862+00:00", "level": "ERROR", "message": "Worker main loop failed", "error": "ConnectionError(MaxRetryError('HTTPSConnectionPool(host=\\'hppeuzpgmywjniidqatw.supabase.co\\', port=443): Max retries exceeded with url: /rest/v1/requests?select=%2A&status=in.%28NEW%2CRECEIVED%2CPENDING_QUOTE%29&order=created_at.asc&limit=10 (Caused by NameResolutionError(\"HTTPSConnection(host=\\'hppeuzpgmywjniidqatw.supabase.co\\', port=443): Failed to resolve \\'hppeuzpgmywjniidqatw.supabase.co\\' ([Errno 11001] getaddrinfo failed)\"))'))"}
{"timestamp": "2026-03-18T00:29:43.292092+00:00", "level": "ERROR", "message": "Failed to record worker heartbeat", "status": "degraded", "error": "HTTPSConnectionPool(host='hppeuzpgmywjniidqatw.supabase.co', port=443): Max retries exceeded with url: /rest/v1/worker_heartbeats (Caused by NameResolutionError(\"HTTPSConnection(host='hppeuzpgmywjniidqatw.supabase.co', port=443): Failed to resolve 'hppeuzpgmywjniidqatw.supabase.co' ([Errno 11001] getaddrinfo failed)\"))"}
{"timestamp": "2026-03-18T00:29:43.294598+00:00", "level": "INFO", "message": "Worker heartbeat", "status": "degraded", "poll_seconds": 5, "requests_per_cycle": 10, "error": "HTTPSConnectionPool(host='hppeuzpgmywjniidqatw.supabase.co', port=443): Max retries exceeded with url: /rest/v1/requests?select=%2A&status=in.%28NEW%2CRECEIVED%2CPENDING_QUOTE%29&order=created_at.asc&limit=10 (Caused by NameResolutionError(\"HTTPSConnection(host='hppeuzpgmywjniidqatw.supabase.co', port=443): Failed to resolve 'hppeuzpgmywjniidqatw.supabase.co' ([Errno 11001] getaddrinfo failed)\"))"}
{"timestamp": "2026-03-18T00:29:43.295527+00:00", "level": "ERROR", "message": "Worker main loop failed", "error": "ConnectionError(MaxRetryError('HTTPSConnectionPool(host=\\'hppeuzpgmywjniidqatw.supabase.co\\', port=443): Max retries exceeded with url: /rest/v1/requests?select=%2A&status=in.%28NEW%2CRECEIVED%2CPENDING_QUOTE%29&order=created_at.asc&limit=10 (Caused by NameResolutionError(\"HTTPSConnection(host=\\'hppeuzpgmywjniidqatw.supabase.co\\', port=443): Failed to resolve \\'hppeuzpgmywjniidqatw.supabase.co\\' ([Errno 11001] getaddrinfo failed)\"))'))"}
{"timestamp": "2026-03-18T00:29:56.731579+00:00", "level": "ERROR", "message": "Failed to record worker heartbeat", "status": "degraded", "error": "HTTPSConnectionPool(host='hppeuzpgmywjniidqatw.supabase.co', port=443): Max retries exceeded with url: /rest/v1/worker_heartbeats (Caused by NameResolutionError(\"HTTPSConnection(host='hppeuzpgmywjniidqatw.supabase.co', port=443): Failed to resolve 'hppeuzpgmywjniidqatw.supabase.co' ([Errno 11001] getaddrinfo failed)\"))"}
{"timestamp": "2026-03-18T00:29:56.732624+00:00", "level": "INFO", "message": "Worker heartbeat", "status": "degraded", "poll_seconds": 5, "requests_per_cycle": 10, "error": "HTTPSConnectionPool(host='hppeuzpgmywjniidqatw.supabase.co', port=443): Max retries exceeded with url: /rest/v1/requests?select=%2A&status=in.%28NEW%2CRECEIVED%2CPENDING_QUOTE%29&order=created_at.asc&limit=10 (Caused by NameResolutionError(\"HTTPSConnection(host='hppeuzpgmywjniidqatw.supabase.co', port=443): Failed to resolve 'hppeuzpgmywjniidqatw.supabase.co' ([Errno 11001] getaddrinfo failed)\"))"}
{"timestamp": "2026-03-18T00:29:56.733539+00:00", "level": "ERROR", "message": "Worker main loop failed", "error": "ConnectionError(MaxRetryError('HTTPSConnectionPool(host=\\'hppeuzpgmywjniidqatw.supabase.co\\', port=443): Max retries exceeded with url: /rest/v1/requests?select=%2A&status=in.%28NEW%2CRECEIVED%2CPENDING_QUOTE%29&order=created_at.asc&limit=10 (Caused by NameResolutionError(\"HTTPSConnection(host=\\'hppeuzpgmywjniidqatw.supabase.co\\', port=443): Failed to resolve \\'hppeuzpgmywjniidqatw.supabase.co\\' ([Errno 11001] getaddrinfo failed)\"))'))"}
{"timestamp": "2026-03-18T00:30:11.013660+00:00", "level": "ERROR", "message": "Failed to record worker heartbeat", "status": "degraded", "error": "HTTPSConnectionPool(host='hppeuzpgmywjniidqatw.supabase.co', port=443): Max retries exceeded with url: /rest/v1/worker_heartbeats (Caused by NameResolutionError(\"HTTPSConnection(host='hppeuzpgmywjniidqatw.supabase.co', port=443): Failed to resolve 'hppeuzpgmywjniidqatw.supabase.co' ([Errno 11001] getaddrinfo failed)\"))"}
{"timestamp": "2026-03-18T00:30:11.016169+00:00", "level": "INFO", "message": "Worker heartbeat", "status": "degraded", "poll_seconds": 5, "requests_per_cycle": 10, "error": "HTTPSConnectionPool(host='hppeuzpgmywjniidqatw.supabase.co', port=443): Max retries exceeded with url: /rest/v1/requests?select=%2A&status=in.%28NEW%2CRECEIVED%2CPENDING_QUOTE%29&order=created_at.asc&limit=10 (Caused by NameResolutionError(\"HTTPSConnection(host='hppeuzpgmywjniidqatw.supabase.co', port=443): Failed to resolve 'hppeuzpgmywjniidqatw.supabase.co' ([Errno 11001] getaddrinfo failed)\"))"}
{"timestamp": "2026-03-18T00:30:11.017084+00:00", "level": "ERROR", "message": "Worker main loop failed", "error": "ConnectionError(MaxRetryError('HTTPSConnectionPool(host=\\'hppeuzpgmywjniidqatw.supabase.co\\', port=443): Max retries exceeded with url: /rest/v1/requests?select=%2A&status=in.%28NEW%2CRECEIVED%2CPENDING_QUOTE%29&order=created_at.asc&limit=10 (Caused by NameResolutionError(\"HTTPSConnection(host=\\'hppeuzpgmywjniidqatw.supabase.co\\', port=443): Failed to resolve \\'hppeuzpgmywjniidqatw.supabase.co\\' ([Errno 11001] getaddrinfo failed)\"))'))"}
{"timestamp": "2026-03-18T00:31:06.802093+00:00", "level": "INFO", "message": "Worker heartbeat", "status": "online", "poll_seconds": 5, "requests_per_cycle": 10}
{"timestamp": "2026-03-18T00:32:17.497342+00:00", "level": "INFO", "message": "Worker heartbeat", "status": "online", "poll_seconds": 5, "requests_per_cycle": 10}
{"timestamp": "2026-03-18T00:33:20.642950+00:00", "level": "INFO", "message": "Worker heartbeat", "status": "online", "poll_seconds": 5, "requests_per_cycle": 10}
{"timestamp": "2026-03-18T00:34:26.308172+00:00", "level": "INFO", "message": "Worker heartbeat", "status": "online", "poll_seconds": 5, "requests_per_cycle": 10}
{"timestamp": "2026-03-18T00:35:30.039883+00:00", "level": "INFO", "message": "Worker heartbeat", "status": "online", "poll_seconds": 5, "requests_per_cycle": 10}
{"timestamp": "2026-03-18T00:36:32.567822+00:00", "level": "INFO", "message": "Worker heartbeat", "status": "online", "poll_seconds": 5, "requests_per_cycle": 10}
{"timestamp": "2026-03-18T00:37:35.090329+00:00", "level": "INFO", "message": "Worker heartbeat", "status": "online", "poll_seconds": 5, "requests_per_cycle": 10}
{"timestamp": "2026-03-18T00:38:37.450059+00:00", "level": "INFO", "message": "Worker heartbeat", "status": "online", "poll_seconds": 5, "requests_per_cycle": 10}
{"timestamp": "2026-03-18T00:39:39.761125+00:00", "level": "INFO", "message": "Worker heartbeat", "status": "online", "poll_seconds": 5, "requests_per_cycle": 10}
{"timestamp": "2026-03-18T00:40:43.512072+00:00", "level": "INFO", "message": "Worker heartbeat", "status": "online", "poll_seconds": 5, "requests_per_cycle": 10}
{"timestamp": "2026-03-18T00:41:48.009103+00:00", "level": "INFO", "message": "Worker heartbeat", "status": "online", "poll_seconds": 5, "requests_per_cycle": 10}
{"timestamp": "2026-03-18T00:42:52.208054+00:00", "level": "INFO", "message": "Worker heartbeat", "status": "online", "poll_seconds": 5, "requests_per_cycle": 10}
{"timestamp": "2026-03-18T00:43:54.469332+00:00", "level": "INFO", "message": "Worker heartbeat", "status": "online", "poll_seconds": 5, "requests_per_cycle": 10}
{"timestamp": "2026-03-18T00:44:57.671580+00:00", "level": "INFO", "message": "Worker heartbeat", "status": "online", "poll_seconds": 5, "requests_per_cycle": 10}
{"timestamp": "2026-03-18T00:45:59.855415+00:00", "level": "INFO", "message": "Worker heartbeat", "status": "online", "poll_seconds": 5, "requests_per_cycle": 10}
{"timestamp": "2026-03-18T00:47:02.494238+00:00", "level": "INFO", "message": "Worker heartbeat", "status": "online", "poll_seconds": 5, "requests_per_cycle": 10}
{"timestamp": "2026-03-18T00:48:05.729510+00:00", "level": "INFO", "message": "Worker heartbeat", "status": "online", "poll_seconds": 5, "requests_per_cycle": 10}
{"timestamp": "2026-03-18T00:49:08.105113+00:00", "level": "INFO", "message": "Worker heartbeat", "status": "online", "poll_seconds": 5, "requests_per_cycle": 10}
{"timestamp": "2026-03-18T00:53:01.443358+00:00", "level": "ERROR", "message": "Failed to record worker heartbeat", "status": "degraded", "error": "HTTPSConnectionPool(host='hppeuzpgmywjniidqatw.supabase.co', port=443): Max retries exceeded with url: /rest/v1/worker_heartbeats (Caused by NameResolutionError(\"HTTPSConnection(host='hppeuzpgmywjniidqatw.supabase.co', port=443): Failed to resolve 'hppeuzpgmywjniidqatw.supabase.co' ([Errno 11001] getaddrinfo failed)\"))"}
{"timestamp": "2026-03-18T00:53:01.444657+00:00", "level": "INFO", "message": "Worker heartbeat", "status": "degraded", "poll_seconds": 5, "requests_per_cycle": 10, "error": "HTTPSConnectionPool(host='hppeuzpgmywjniidqatw.supabase.co', port=443): Max retries exceeded with url: /rest/v1/requests?select=%2A&status=in.%28NEW%2CRECEIVED%2CPENDING_QUOTE%29&order=created_at.asc&limit=10 (Caused by NameResolutionError(\"HTTPSConnection(host='hppeuzpgmywjniidqatw.supabase.co', port=443): Failed to resolve 'hppeuzpgmywjniidqatw.supabase.co' ([Errno 11001] getaddrinfo failed)\"))"}
{"timestamp": "2026-03-18T00:53:01.447646+00:00", "level": "ERROR", "message": "Worker main loop failed", "error": "ConnectionError(MaxRetryError('HTTPSConnectionPool(host=\\'hppeuzpgmywjniidqatw.supabase.co\\', port=443): Max retries exceeded with url: /rest/v1/requests?select=%2A&status=in.%28NEW%2CRECEIVED%2CPENDING_QUOTE%29&order=created_at.asc&limit=10 (Caused by NameResolutionError(\"HTTPSConnection(host=\\'hppeuzpgmywjniidqatw.supabase.co\\', port=443): Failed to resolve \\'hppeuzpgmywjniidqatw.supabase.co\\' ([Errno 11001] getaddrinfo failed)\"))'))"}
{"timestamp": "2026-03-18T00:53:15.074464+00:00", "level": "ERROR", "message": "Failed to record worker heartbeat", "status": "degraded", "error": "HTTPSConnectionPool(host='hppeuzpgmywjniidqatw.supabase.co', port=443): Max retries exceeded with url: /rest/v1/worker_heartbeats (Caused by NameResolutionError(\"HTTPSConnection(host='hppeuzpgmywjniidqatw.supabase.co', port=443): Failed to resolve 'hppeuzpgmywjniidqatw.supabase.co' ([Errno 11001] getaddrinfo failed)\"))"}
{"timestamp": "2026-03-18T00:53:15.075093+00:00", "level": "INFO", "message": "Worker heartbeat", "status": "degraded", "poll_seconds": 5, "requests_per_cycle": 10, "error": "HTTPSConnectionPool(host='hppeuzpgmywjniidqatw.supabase.co', port=443): Max retries exceeded with url: /rest/v1/requests?select=%2A&status=in.%28NEW%2CRECEIVED%2CPENDING_QUOTE%29&order=created_at.asc&limit=10 (Caused by NameResolutionError(\"HTTPSConnection(host='hppeuzpgmywjniidqatw.supabase.co', port=443): Failed to resolve 'hppeuzpgmywjniidqatw.supabase.co' ([Errno 11001] getaddrinfo failed)\"))"}
{"timestamp": "2026-03-18T00:53:15.075594+00:00", "level": "ERROR", "message": "Worker main loop failed", "error": "ConnectionError(MaxRetryError('HTTPSConnectionPool(host=\\'hppeuzpgmywjniidqatw.supabase.co\\', port=443): Max retries exceeded with url: /rest/v1/requests?select=%2A&status=in.%28NEW%2CRECEIVED%2CPENDING_QUOTE%29&order=created_at.asc&limit=10 (Caused by NameResolutionError(\"HTTPSConnection(host=\\'hppeuzpgmywjniidqatw.supabase.co\\', port=443): Failed to resolve \\'hppeuzpgmywjniidqatw.supabase.co\\' ([Errno 11001] getaddrinfo failed)\"))'))"}
{"timestamp": "2026-03-18T00:53:30.339130+00:00", "level": "ERROR", "message": "Failed to record worker heartbeat", "status": "degraded", "error": "HTTPSConnectionPool(host='hppeuzpgmywjniidqatw.supabase.co', port=443): Max retries exceeded with url: /rest/v1/worker_heartbeats (Caused by NameResolutionError(\"HTTPSConnection(host='hppeuzpgmywjniidqatw.supabase.co', port=443): Failed to resolve 'hppeuzpgmywjniidqatw.supabase.co' ([Errno 11001] getaddrinfo failed)\"))"}
{"timestamp": "2026-03-18T00:53:30.339673+00:00", "level": "INFO", "message": "Worker heartbeat", "status": "degraded", "poll_seconds": 5, "requests_per_cycle": 10, "error": "HTTPSConnectionPool(host='hppeuzpgmywjniidqatw.supabase.co', port=443): Max retries exceeded with url: /rest/v1/requests?select=%2A&status=in.%28NEW%2CRECEIVED%2CPENDING_QUOTE%29&order=created_at.asc&limit=10 (Caused by NameResolutionError(\"HTTPSConnection(host='hppeuzpgmywjniidqatw.supabase.co', port=443): Failed to resolve 'hppeuzpgmywjniidqatw.supabase.co' ([Errno 11001] getaddrinfo failed)\"))"}
{"timestamp": "2026-03-18T00:53:30.340075+00:00", "level": "ERROR", "message": "Worker main loop failed", "error": "ConnectionError(MaxRetryError('HTTPSConnectionPool(host=\\'hppeuzpgmywjniidqatw.supabase.co\\', port=443): Max retries exceeded with url: /rest/v1/requests?select=%2A&status=in.%28NEW%2CRECEIVED%2CPENDING_QUOTE%29&order=created_at.asc&limit=10 (Caused by NameResolutionError(\"HTTPSConnection(host=\\'hppeuzpgmywjniidqatw.supabase.co\\', port=443): Failed to resolve \\'hppeuzpgmywjniidqatw.supabase.co\\' ([Errno 11001] getaddrinfo failed)\"))'))"}
{"timestamp": "2026-03-18T00:53:45.102387+00:00", "level": "ERROR", "message": "Failed to record worker heartbeat", "status": "degraded", "error": "HTTPSConnectionPool(host='hppeuzpgmywjniidqatw.supabase.co', port=443): Max retries exceeded with url: /rest/v1/worker_heartbeats (Caused by NameResolutionError(\"HTTPSConnection(host='hppeuzpgmywjniidqatw.supabase.co', port=443): Failed to resolve 'hppeuzpgmywjniidqatw.supabase.co' ([Errno 11001] getaddrinfo failed)\"))"}
{"timestamp": "2026-03-18T00:53:45.102990+00:00", "level": "INFO", "message": "Worker heartbeat", "status": "degraded", "poll_seconds": 5, "requests_per_cycle": 10, "error": "HTTPSConnectionPool(host='hppeuzpgmywjniidqatw.supabase.co', port=443): Max retries exceeded with url: /rest/v1/requests?select=%2A&status=in.%28NEW%2CRECEIVED%2CPENDING_QUOTE%29&order=created_at.asc&limit=10 (Caused by NameResolutionError(\"HTTPSConnection(host='hppeuzpgmywjniidqatw.supabase.co', port=443): Failed to resolve 'hppeuzpgmywjniidqatw.supabase.co' ([Errno 11001] getaddrinfo failed)\"))"}
{"timestamp": "2026-03-18T00:53:45.103508+00:00", "level": "ERROR", "message": "Worker main loop failed", "error": "ConnectionError(MaxRetryError('HTTPSConnectionPool(host=\\'hppeuzpgmywjniidqatw.supabase.co\\', port=443): Max retries exceeded with url: /rest/v1/requests?select=%2A&status=in.%28NEW%2CRECEIVED%2CPENDING_QUOTE%29&order=created_at.asc&limit=10 (Caused by NameResolutionError(\"HTTPSConnection(host=\\'hppeuzpgmywjniidqatw.supabase.co\\', port=443): Failed to resolve \\'hppeuzpgmywjniidqatw.supabase.co\\' ([Errno 11001] getaddrinfo failed)\"))'))"}
{"timestamp": "2026-03-18T00:53:59.138008+00:00", "level": "ERROR", "message": "Failed to record worker heartbeat", "status": "degraded", "error": "HTTPSConnectionPool(host='hppeuzpgmywjniidqatw.supabase.co', port=443): Max retries exceeded with url: /rest/v1/worker_heartbeats (Caused by NameResolutionError(\"HTTPSConnection(host='hppeuzpgmywjniidqatw.supabase.co', port=443): Failed to resolve 'hppeuzpgmywjniidqatw.supabase.co' ([Errno 11001] getaddrinfo failed)\"))"}
{"timestamp": "2026-03-18T00:53:59.138662+00:00", "level": "INFO", "message": "Worker heartbeat", "status": "degraded", "poll_seconds": 5, "requests_per_cycle": 10, "error": "HTTPSConnectionPool(host='hppeuzpgmywjniidqatw.supabase.co', port=443): Max retries exceeded with url: /rest/v1/requests?select=%2A&status=in.%28NEW%2CRECEIVED%2CPENDING_QUOTE%29&order=created_at.asc&limit=10 (Caused by NameResolutionError(\"HTTPSConnection(host='hppeuzpgmywjniidqatw.supabase.co', port=443): Failed to resolve 'hppeuzpgmywjniidqatw.supabase.co' ([Errno 11001] getaddrinfo failed)\"))"}
{"timestamp": "2026-03-18T00:53:59.139176+00:00", "level": "ERROR", "message": "Worker main loop failed", "error": "ConnectionError(MaxRetryError('HTTPSConnectionPool(host=\\'hppeuzpgmywjniidqatw.supabase.co\\', port=443): Max retries exceeded with url: /rest/v1/requests?select=%2A&status=in.%28NEW%2CRECEIVED%2CPENDING_QUOTE%29&order=created_at.asc&limit=10 (Caused by NameResolutionError(\"HTTPSConnection(host=\\'hppeuzpgmywjniidqatw.supabase.co\\', port=443): Failed to resolve \\'hppeuzpgmywjniidqatw.supabase.co\\' ([Errno 11001] getaddrinfo failed)\"))'))"}
{"timestamp": "2026-03-18T00:54:12.597752+00:00", "level": "ERROR", "message": "Failed to record worker heartbeat", "status": "degraded", "error": "HTTPSConnectionPool(host='hppeuzpgmywjniidqatw.supabase.co', port=443): Max retries exceeded with url: /rest/v1/worker_heartbeats (Caused by NameResolutionError(\"HTTPSConnection(host='hppeuzpgmywjniidqatw.supabase.co', port=443): Failed to resolve 'hppeuzpgmywjniidqatw.supabase.co' ([Errno 11001] getaddrinfo failed)\"))"}
{"timestamp": "2026-03-18T00:54:12.598775+00:00", "level": "INFO", "message": "Worker heartbeat", "status": "degraded", "poll_seconds": 5, "requests_per_cycle": 10, "error": "HTTPSConnectionPool(host='hppeuzpgmywjniidqatw.supabase.co', port=443): Max retries exceeded with url: /rest/v1/requests?select=%2A&status=in.%28NEW%2CRECEIVED%2CPENDING_QUOTE%29&order=created_at.asc&limit=10 (Caused by NameResolutionError(\"HTTPSConnection(host='hppeuzpgmywjniidqatw.supabase.co', port=443): Failed to resolve 'hppeuzpgmywjniidqatw.supabase.co' ([Errno 11001] getaddrinfo failed)\"))"}
{"timestamp": "2026-03-18T00:54:12.599692+00:00", "level": "ERROR", "message": "Worker main loop failed", "error": "ConnectionError(MaxRetryError('HTTPSConnectionPool(host=\\'hppeuzpgmywjniidqatw.supabase.co\\', port=443): Max retries exceeded with url: /rest/v1/requests?select=%2A&status=in.%28NEW%2CRECEIVED%2CPENDING_QUOTE%29&order=created_at.asc&limit=10 (Caused by NameResolutionError(\"HTTPSConnection(host=\\'hppeuzpgmywjniidqatw.supabase.co\\', port=443): Failed to resolve \\'hppeuzpgmywjniidqatw.supabase.co\\' ([Errno 11001] getaddrinfo failed)\"))'))"}
{"timestamp": "2026-03-18T00:54:26.771688+00:00", "level": "ERROR", "message": "Failed to record worker heartbeat", "status": "degraded", "error": "HTTPSConnectionPool(host='hppeuzpgmywjniidqatw.supabase.co', port=443): Max retries exceeded with url: /rest/v1/worker_heartbeats (Caused by NameResolutionError(\"HTTPSConnection(host='hppeuzpgmywjniidqatw.supabase.co', port=443): Failed to resolve 'hppeuzpgmywjniidqatw.supabase.co' ([Errno 11001] getaddrinfo failed)\"))"}
{"timestamp": "2026-03-18T00:54:26.773473+00:00", "level": "INFO", "message": "Worker heartbeat", "status": "degraded", "poll_seconds": 5, "requests_per_cycle": 10, "error": "HTTPSConnectionPool(host='hppeuzpgmywjniidqatw.supabase.co', port=443): Max retries exceeded with url: /rest/v1/requests?select=%2A&status=in.%28NEW%2CRECEIVED%2CPENDING_QUOTE%29&order=created_at.asc&limit=10 (Caused by NameResolutionError(\"HTTPSConnection(host='hppeuzpgmywjniidqatw.supabase.co', port=443): Failed to resolve 'hppeuzpgmywjniidqatw.supabase.co' ([Errno 11001] getaddrinfo failed)\"))"}
{"timestamp": "2026-03-18T00:54:26.774113+00:00", "level": "ERROR", "message": "Worker main loop failed", "error": "ConnectionError(MaxRetryError('HTTPSConnectionPool(host=\\'hppeuzpgmywjniidqatw.supabase.co\\', port=443): Max retries exceeded with url: /rest/v1/requests?select=%2A&status=in.%28NEW%2CRECEIVED%2CPENDING_QUOTE%29&order=created_at.asc&limit=10 (Caused by NameResolutionError(\"HTTPSConnection(host=\\'hppeuzpgmywjniidqatw.supabase.co\\', port=443): Failed to resolve \\'hppeuzpgmywjniidqatw.supabase.co\\' ([Errno 11001] getaddrinfo failed)\"))'))"}
{"timestamp": "2026-03-18T00:54:39.956801+00:00", "level": "ERROR", "message": "Failed to record worker heartbeat", "status": "degraded", "error": "HTTPSConnectionPool(host='hppeuzpgmywjniidqatw.supabase.co', port=443): Max retries exceeded with url: /rest/v1/worker_heartbeats (Caused by NameResolutionError(\"HTTPSConnection(host='hppeuzpgmywjniidqatw.supabase.co', port=443): Failed to resolve 'hppeuzpgmywjniidqatw.supabase.co' ([Errno 11001] getaddrinfo failed)\"))"}
{"timestamp": "2026-03-18T00:54:39.959464+00:00", "level": "INFO", "message": "Worker heartbeat", "status": "degraded", "poll_seconds": 5, "requests_per_cycle": 10, "error": "HTTPSConnectionPool(host='hppeuzpgmywjniidqatw.supabase.co', port=443): Max retries exceeded with url: /rest/v1/requests?select=%2A&status=in.%28NEW%2CRECEIVED%2CPENDING_QUOTE%29&order=created_at.asc&limit=10 (Caused by NameResolutionError(\"HTTPSConnection(host='hppeuzpgmywjniidqatw.supabase.co', port=443): Failed to resolve 'hppeuzpgmywjniidqatw.supabase.co' ([Errno 11001] getaddrinfo failed)\"))"}
{"timestamp": "2026-03-18T00:54:39.960187+00:00", "level": "ERROR", "message": "Worker main loop failed", "error": "ConnectionError(MaxRetryError('HTTPSConnectionPool(host=\\'hppeuzpgmywjniidqatw.supabase.co\\', port=443): Max retries exceeded with url: /rest/v1/requests?select=%2A&status=in.%28NEW%2CRECEIVED%2CPENDING_QUOTE%29&order=created_at.asc&limit=10 (Caused by NameResolutionError(\"HTTPSConnection(host=\\'hppeuzpgmywjniidqatw.supabase.co\\', port=443): Failed to resolve \\'hppeuzpgmywjniidqatw.supabase.co\\' ([Errno 11001] getaddrinfo failed)\"))'))"}
{"timestamp": "2026-03-18T00:54:52.828880+00:00", "level": "ERROR", "message": "Failed to record worker heartbeat", "status": "degraded", "error": "HTTPSConnectionPool(host='hppeuzpgmywjniidqatw.supabase.co', port=443): Max retries exceeded with url: /rest/v1/worker_heartbeats (Caused by NameResolutionError(\"HTTPSConnection(host='hppeuzpgmywjniidqatw.supabase.co', port=443): Failed to resolve 'hppeuzpgmywjniidqatw.supabase.co' ([Errno 11001] getaddrinfo failed)\"))"}
{"timestamp": "2026-03-18T00:54:52.831124+00:00", "level": "INFO", "message": "Worker heartbeat", "status": "degraded", "poll_seconds": 5, "requests_per_cycle": 10, "error": "HTTPSConnectionPool(host='hppeuzpgmywjniidqatw.supabase.co', port=443): Max retries exceeded with url: /rest/v1/requests?select=%2A&status=in.%28NEW%2CRECEIVED%2CPENDING_QUOTE%29&order=created_at.asc&limit=10 (Caused by NameResolutionError(\"HTTPSConnection(host='hppeuzpgmywjniidqatw.supabase.co', port=443): Failed to resolve 'hppeuzpgmywjniidqatw.supabase.co' ([Errno 11001] getaddrinfo failed)\"))"}
{"timestamp": "2026-03-18T00:54:52.831878+00:00", "level": "ERROR", "message": "Worker main loop failed", "error": "ConnectionError(MaxRetryError('HTTPSConnectionPool(host=\\'hppeuzpgmywjniidqatw.supabase.co\\', port=443): Max retries exceeded with url: /rest/v1/requests?select=%2A&status=in.%28NEW%2CRECEIVED%2CPENDING_QUOTE%29&order=created_at.asc&limit=10 (Caused by NameResolutionError(\"HTTPSConnection(host=\\'hppeuzpgmywjniidqatw.supabase.co\\', port=443): Failed to resolve \\'hppeuzpgmywjniidqatw.supabase.co\\' ([Errno 11001] getaddrinfo failed)\"))'))"}
{"timestamp": "2026-03-18T00:55:06.962750+00:00", "level": "ERROR", "message": "Failed to record worker heartbeat", "status": "degraded", "error": "HTTPSConnectionPool(host='hppeuzpgmywjniidqatw.supabase.co', port=443): Max retries exceeded with url: /rest/v1/worker_heartbeats (Caused by NameResolutionError(\"HTTPSConnection(host='hppeuzpgmywjniidqatw.supabase.co', port=443): Failed to resolve 'hppeuzpgmywjniidqatw.supabase.co' ([Errno 11001] getaddrinfo failed)\"))"}
{"timestamp": "2026-03-18T00:55:06.963230+00:00", "level": "INFO", "message": "Worker heartbeat", "status": "degraded", "poll_seconds": 5, "requests_per_cycle": 10, "error": "HTTPSConnectionPool(host='hppeuzpgmywjniidqatw.supabase.co', port=443): Max retries exceeded with url: /rest/v1/requests?select=%2A&status=in.%28NEW%2CRECEIVED%2CPENDING_QUOTE%29&order=created_at.asc&limit=10 (Caused by NameResolutionError(\"HTTPSConnection(host='hppeuzpgmywjniidqatw.supabase.co', port=443): Failed to resolve 'hppeuzpgmywjniidqatw.supabase.co' ([Errno 11001] getaddrinfo failed)\"))"}
{"timestamp": "2026-03-18T00:55:06.963557+00:00", "level": "ERROR", "message": "Worker main loop failed", "error": "ConnectionError(MaxRetryError('HTTPSConnectionPool(host=\\'hppeuzpgmywjniidqatw.supabase.co\\', port=443): Max retries exceeded with url: /rest/v1/requests?select=%2A&status=in.%28NEW%2CRECEIVED%2CPENDING_QUOTE%29&order=created_at.asc&limit=10 (Caused by NameResolutionError(\"HTTPSConnection(host=\\'hppeuzpgmywjniidqatw.supabase.co\\', port=443): Failed to resolve \\'hppeuzpgmywjniidqatw.supabase.co\\' ([Errno 11001] getaddrinfo failed)\"))'))"}
{"timestamp": "2026-03-18T00:55:21.720783+00:00", "level": "ERROR", "message": "Failed to record worker heartbeat", "status": "degraded", "error": "HTTPSConnectionPool(host='hppeuzpgmywjniidqatw.supabase.co', port=443): Max retries exceeded with url: /rest/v1/worker_heartbeats (Caused by NameResolutionError(\"HTTPSConnection(host='hppeuzpgmywjniidqatw.supabase.co', port=443): Failed to resolve 'hppeuzpgmywjniidqatw.supabase.co' ([Errno 11001] getaddrinfo failed)\"))"}
{"timestamp": "2026-03-18T00:55:21.723098+00:00", "level": "INFO", "message": "Worker heartbeat", "status": "degraded", "poll_seconds": 5, "requests_per_cycle": 10, "error": "HTTPSConnectionPool(host='hppeuzpgmywjniidqatw.supabase.co', port=443): Max retries exceeded with url: /rest/v1/requests?select=%2A&status=in.%28NEW%2CRECEIVED%2CPENDING_QUOTE%29&order=created_at.asc&limit=10 (Caused by NameResolutionError(\"HTTPSConnection(host='hppeuzpgmywjniidqatw.supabase.co', port=443): Failed to resolve 'hppeuzpgmywjniidqatw.supabase.co' ([Errno 11001] getaddrinfo failed)\"))"}
{"timestamp": "2026-03-18T00:55:21.724045+00:00", "level": "ERROR", "message": "Worker main loop failed", "error": "ConnectionError(MaxRetryError('HTTPSConnectionPool(host=\\'hppeuzpgmywjniidqatw.supabase.co\\', port=443): Max retries exceeded with url: /rest/v1/requests?select=%2A&status=in.%28NEW%2CRECEIVED%2CPENDING_QUOTE%29&order=created_at.asc&limit=10 (Caused by NameResolutionError(\"HTTPSConnection(host=\\'hppeuzpgmywjniidqatw.supabase.co\\', port=443): Failed to resolve \\'hppeuzpgmywjniidqatw.supabase.co\\' ([Errno 11001] getaddrinfo failed)\"))'))"}
{"timestamp": "2026-03-18T00:55:35.807332+00:00", "level": "ERROR", "message": "Failed to record worker heartbeat", "status": "degraded", "error": "HTTPSConnectionPool(host='hppeuzpgmywjniidqatw.supabase.co', port=443): Max retries exceeded with url: /rest/v1/worker_heartbeats (Caused by NameResolutionError(\"HTTPSConnection(host='hppeuzpgmywjniidqatw.supabase.co', port=443): Failed to resolve 'hppeuzpgmywjniidqatw.supabase.co' ([Errno 11001] getaddrinfo failed)\"))"}
{"timestamp": "2026-03-18T00:55:35.809841+00:00", "level": "INFO", "message": "Worker heartbeat", "status": "degraded", "poll_seconds": 5, "requests_per_cycle": 10, "error": "HTTPSConnectionPool(host='hppeuzpgmywjniidqatw.supabase.co', port=443): Max retries exceeded with url: /rest/v1/requests?select=%2A&status=in.%28NEW%2CRECEIVED%2CPENDING_QUOTE%29&order=created_at.asc&limit=10 (Caused by NameResolutionError(\"HTTPSConnection(host='hppeuzpgmywjniidqatw.supabase.co', port=443): Failed to resolve 'hppeuzpgmywjniidqatw.supabase.co' ([Errno 11001] getaddrinfo failed)\"))"}
{"timestamp": "2026-03-18T00:55:35.810857+00:00", "level": "ERROR", "message": "Worker main loop failed", "error": "ConnectionError(MaxRetryError('HTTPSConnectionPool(host=\\'hppeuzpgmywjniidqatw.supabase.co\\', port=443): Max retries exceeded with url: /rest/v1/requests?select=%2A&status=in.%28NEW%2CRECEIVED%2CPENDING_QUOTE%29&order=created_at.asc&limit=10 (Caused by NameResolutionError(\"HTTPSConnection(host=\\'hppeuzpgmywjniidqatw.supabase.co\\', port=443): Failed to resolve \\'hppeuzpgmywjniidqatw.supabase.co\\' ([Errno 11001] getaddrinfo failed)\"))'))"}
{"timestamp": "2026-03-18T00:55:49.148031+00:00", "level": "ERROR", "message": "Failed to record worker heartbeat", "status": "degraded", "error": "HTTPSConnectionPool(host='hppeuzpgmywjniidqatw.supabase.co', port=443): Max retries exceeded with url: /rest/v1/worker_heartbeats (Caused by NameResolutionError(\"HTTPSConnection(host='hppeuzpgmywjniidqatw.supabase.co', port=443): Failed to resolve 'hppeuzpgmywjniidqatw.supabase.co' ([Errno 11001] getaddrinfo failed)\"))"}
{"timestamp": "2026-03-18T00:55:49.150739+00:00", "level": "INFO", "message": "Worker heartbeat", "status": "degraded", "poll_seconds": 5, "requests_per_cycle": 10, "error": "HTTPSConnectionPool(host='hppeuzpgmywjniidqatw.supabase.co', port=443): Max retries exceeded with url: /rest/v1/requests?select=%2A&status=in.%28NEW%2CRECEIVED%2CPENDING_QUOTE%29&order=created_at.asc&limit=10 (Caused by NameResolutionError(\"HTTPSConnection(host='hppeuzpgmywjniidqatw.supabase.co', port=443): Failed to resolve 'hppeuzpgmywjniidqatw.supabase.co' ([Errno 11001] getaddrinfo failed)\"))"}
{"timestamp": "2026-03-18T00:55:49.151852+00:00", "level": "ERROR", "message": "Worker main loop failed", "error": "ConnectionError(MaxRetryError('HTTPSConnectionPool(host=\\'hppeuzpgmywjniidqatw.supabase.co\\', port=443): Max retries exceeded with url: /rest/v1/requests?select=%2A&status=in.%28NEW%2CRECEIVED%2CPENDING_QUOTE%29&order=created_at.asc&limit=10 (Caused by NameResolutionError(\"HTTPSConnection(host=\\'hppeuzpgmywjniidqatw.supabase.co\\', port=443): Failed to resolve \\'hppeuzpgmywjniidqatw.supabase.co\\' ([Errno 11001] getaddrinfo failed)\"))'))"}
{"timestamp": "2026-03-18T00:56:02.348463+00:00", "level": "ERROR", "message": "Failed to record worker heartbeat", "status": "degraded", "error": "HTTPSConnectionPool(host='hppeuzpgmywjniidqatw.supabase.co', port=443): Max retries exceeded with url: /rest/v1/worker_heartbeats (Caused by NameResolutionError(\"HTTPSConnection(host='hppeuzpgmywjniidqatw.supabase.co', port=443): Failed to resolve 'hppeuzpgmywjniidqatw.supabase.co' ([Errno 11001] getaddrinfo failed)\"))"}
{"timestamp": "2026-03-18T00:56:02.351154+00:00", "level": "INFO", "message": "Worker heartbeat", "status": "degraded", "poll_seconds": 5, "requests_per_cycle": 10, "error": "HTTPSConnectionPool(host='hppeuzpgmywjniidqatw.supabase.co', port=443): Max retries exceeded with url: /rest/v1/requests?select=%2A&status=in.%28NEW%2CRECEIVED%2CPENDING_QUOTE%29&order=created_at.asc&limit=10 (Caused by NameResolutionError(\"HTTPSConnection(host='hppeuzpgmywjniidqatw.supabase.co', port=443): Failed to resolve 'hppeuzpgmywjniidqatw.supabase.co' ([Errno 11001] getaddrinfo failed)\"))"}
{"timestamp": "2026-03-18T00:56:02.352245+00:00", "level": "ERROR", "message": "Worker main loop failed", "error": "ConnectionError(MaxRetryError('HTTPSConnectionPool(host=\\'hppeuzpgmywjniidqatw.supabase.co\\', port=443): Max retries exceeded with url: /rest/v1/requests?select=%2A&status=in.%28NEW%2CRECEIVED%2CPENDING_QUOTE%29&order=created_at.asc&limit=10 (Caused by NameResolutionError(\"HTTPSConnection(host=\\'hppeuzpgmywjniidqatw.supabase.co\\', port=443): Failed to resolve \\'hppeuzpgmywjniidqatw.supabase.co\\' ([Errno 11001] getaddrinfo failed)\"))'))"}
{"timestamp": "2026-03-18T00:56:17.397738+00:00", "level": "ERROR", "message": "Failed to record worker heartbeat", "status": "degraded", "error": "HTTPSConnectionPool(host='hppeuzpgmywjniidqatw.supabase.co', port=443): Max retries exceeded with url: /rest/v1/worker_heartbeats (Caused by NameResolutionError(\"HTTPSConnection(host='hppeuzpgmywjniidqatw.supabase.co', port=443): Failed to resolve 'hppeuzpgmywjniidqatw.supabase.co' ([Errno 11001] getaddrinfo failed)\"))"}
{"timestamp": "2026-03-18T00:56:17.398796+00:00", "level": "INFO", "message": "Worker heartbeat", "status": "degraded", "poll_seconds": 5, "requests_per_cycle": 10, "error": "HTTPSConnectionPool(host='hppeuzpgmywjniidqatw.supabase.co', port=443): Max retries exceeded with url: /rest/v1/requests?select=%2A&status=in.%28NEW%2CRECEIVED%2CPENDING_QUOTE%29&order=created_at.asc&limit=10 (Caused by NameResolutionError(\"HTTPSConnection(host='hppeuzpgmywjniidqatw.supabase.co', port=443): Failed to resolve 'hppeuzpgmywjniidqatw.supabase.co' ([Errno 11001] getaddrinfo failed)\"))"}
{"timestamp": "2026-03-18T00:56:17.399689+00:00", "level": "ERROR", "message": "Worker main loop failed", "error": "ConnectionError(MaxRetryError('HTTPSConnectionPool(host=\\'hppeuzpgmywjniidqatw.supabase.co\\', port=443): Max retries exceeded with url: /rest/v1/requests?select=%2A&status=in.%28NEW%2CRECEIVED%2CPENDING_QUOTE%29&order=created_at.asc&limit=10 (Caused by NameResolutionError(\"HTTPSConnection(host=\\'hppeuzpgmywjniidqatw.supabase.co\\', port=443): Failed to resolve \\'hppeuzpgmywjniidqatw.supabase.co\\' ([Errno 11001] getaddrinfo failed)\"))'))"}
{"timestamp": "2026-03-18T00:56:31.772598+00:00", "level": "ERROR", "message": "Failed to record worker heartbeat", "status": "degraded", "error": "HTTPSConnectionPool(host='hppeuzpgmywjniidqatw.supabase.co', port=443): Max retries exceeded with url: /rest/v1/worker_heartbeats (Caused by NameResolutionError(\"HTTPSConnection(host='hppeuzpgmywjniidqatw.supabase.co', port=443): Failed to resolve 'hppeuzpgmywjniidqatw.supabase.co' ([Errno 11001] getaddrinfo failed)\"))"}
{"timestamp": "2026-03-18T00:56:31.775622+00:00", "level": "INFO", "message": "Worker heartbeat", "status": "degraded", "poll_seconds": 5, "requests_per_cycle": 10, "error": "HTTPSConnectionPool(host='hppeuzpgmywjniidqatw.supabase.co', port=443): Max retries exceeded with url: /rest/v1/requests?select=%2A&status=in.%28NEW%2CRECEIVED%2CPENDING_QUOTE%29&order=created_at.asc&limit=10 (Caused by NameResolutionError(\"HTTPSConnection(host='hppeuzpgmywjniidqatw.supabase.co', port=443): Failed to resolve 'hppeuzpgmywjniidqatw.supabase.co' ([Errno 11001] getaddrinfo failed)\"))"}
{"timestamp": "2026-03-18T00:56:31.776705+00:00", "level": "ERROR", "message": "Worker main loop failed", "error": "ConnectionError(MaxRetryError('HTTPSConnectionPool(host=\\'hppeuzpgmywjniidqatw.supabase.co\\', port=443): Max retries exceeded with url: /rest/v1/requests?select=%2A&status=in.%28NEW%2CRECEIVED%2CPENDING_QUOTE%29&order=created_at.asc&limit=10 (Caused by NameResolutionError(\"HTTPSConnection(host=\\'hppeuzpgmywjniidqatw.supabase.co\\', port=443): Failed to resolve \\'hppeuzpgmywjniidqatw.supabase.co\\' ([Errno 11001] getaddrinfo failed)\"))'))"}
{"timestamp": "2026-03-18T00:56:44.881366+00:00", "level": "ERROR", "message": "Failed to record worker heartbeat", "status": "degraded", "error": "HTTPSConnectionPool(host='hppeuzpgmywjniidqatw.supabase.co', port=443): Max retries exceeded with url: /rest/v1/worker_heartbeats (Caused by NameResolutionError(\"HTTPSConnection(host='hppeuzpgmywjniidqatw.supabase.co', port=443): Failed to resolve 'hppeuzpgmywjniidqatw.supabase.co' ([Errno 11001] getaddrinfo failed)\"))"}
{"timestamp": "2026-03-18T00:56:44.884171+00:00", "level": "INFO", "message": "Worker heartbeat", "status": "degraded", "poll_seconds": 5, "requests_per_cycle": 10, "error": "HTTPSConnectionPool(host='hppeuzpgmywjniidqatw.supabase.co', port=443): Max retries exceeded with url: /rest/v1/requests?select=%2A&status=in.%28NEW%2CRECEIVED%2CPENDING_QUOTE%29&order=created_at.asc&limit=10 (Caused by NameResolutionError(\"HTTPSConnection(host='hppeuzpgmywjniidqatw.supabase.co', port=443): Failed to resolve 'hppeuzpgmywjniidqatw.supabase.co' ([Errno 11001] getaddrinfo failed)\"))"}
{"timestamp": "2026-03-18T00:56:44.885142+00:00", "level": "ERROR", "message": "Worker main loop failed", "error": "ConnectionError(MaxRetryError('HTTPSConnectionPool(host=\\'hppeuzpgmywjniidqatw.supabase.co\\', port=443): Max retries exceeded with url: /rest/v1/requests?select=%2A&status=in.%28NEW%2CRECEIVED%2CPENDING_QUOTE%29&order=created_at.asc&limit=10 (Caused by NameResolutionError(\"HTTPSConnection(host=\\'hppeuzpgmywjniidqatw.supabase.co\\', port=443): Failed to resolve \\'hppeuzpgmywjniidqatw.supabase.co\\' ([Errno 11001] getaddrinfo failed)\"))'))"}
{"timestamp": "2026-03-18T00:56:58.828599+00:00", "level": "ERROR", "message": "Failed to record worker heartbeat", "status": "degraded", "error": "HTTPSConnectionPool(host='hppeuzpgmywjniidqatw.supabase.co', port=443): Max retries exceeded with url: /rest/v1/worker_heartbeats (Caused by NameResolutionError(\"HTTPSConnection(host='hppeuzpgmywjniidqatw.supabase.co', port=443): Failed to resolve 'hppeuzpgmywjniidqatw.supabase.co' ([Errno 11001] getaddrinfo failed)\"))"}
{"timestamp": "2026-03-18T00:56:58.831089+00:00", "level": "INFO", "message": "Worker heartbeat", "status": "degraded", "poll_seconds": 5, "requests_per_cycle": 10, "error": "HTTPSConnectionPool(host='hppeuzpgmywjniidqatw.supabase.co', port=443): Max retries exceeded with url: /rest/v1/requests?select=%2A&status=in.%28NEW%2CRECEIVED%2CPENDING_QUOTE%29&order=created_at.asc&limit=10 (Caused by NameResolutionError(\"HTTPSConnection(host='hppeuzpgmywjniidqatw.supabase.co', port=443): Failed to resolve 'hppeuzpgmywjniidqatw.supabase.co' ([Errno 11001] getaddrinfo failed)\"))"}
{"timestamp": "2026-03-18T00:56:58.831897+00:00", "level": "ERROR", "message": "Worker main loop failed", "error": "ConnectionError(MaxRetryError('HTTPSConnectionPool(host=\\'hppeuzpgmywjniidqatw.supabase.co\\', port=443): Max retries exceeded with url: /rest/v1/requests?select=%2A&status=in.%28NEW%2CRECEIVED%2CPENDING_QUOTE%29&order=created_at.asc&limit=10 (Caused by NameResolutionError(\"HTTPSConnection(host=\\'hppeuzpgmywjniidqatw.supabase.co\\', port=443): Failed to resolve \\'hppeuzpgmywjniidqatw.supabase.co\\' ([Errno 11001] getaddrinfo failed)\"))'))"}
{"timestamp": "2026-03-18T00:57:12.758386+00:00", "level": "ERROR", "message": "Failed to record worker heartbeat", "status": "degraded", "error": "HTTPSConnectionPool(host='hppeuzpgmywjniidqatw.supabase.co', port=443): Max retries exceeded with url: /rest/v1/worker_heartbeats (Caused by NameResolutionError(\"HTTPSConnection(host='hppeuzpgmywjniidqatw.supabase.co', port=443): Failed to resolve 'hppeuzpgmywjniidqatw.supabase.co' ([Errno 11001] getaddrinfo failed)\"))"}
{"timestamp": "2026-03-18T00:57:12.760689+00:00", "level": "INFO", "message": "Worker heartbeat", "status": "degraded", "poll_seconds": 5, "requests_per_cycle": 10, "error": "HTTPSConnectionPool(host='hppeuzpgmywjniidqatw.supabase.co', port=443): Max retries exceeded with url: /rest/v1/requests?select=%2A&status=in.%28NEW%2CRECEIVED%2CPENDING_QUOTE%29&order=created_at.asc&limit=10 (Caused by NameResolutionError(\"HTTPSConnection(host='hppeuzpgmywjniidqatw.supabase.co', port=443): Failed to resolve 'hppeuzpgmywjniidqatw.supabase.co' ([Errno 11001] getaddrinfo failed)\"))"}
{"timestamp": "2026-03-18T00:57:12.761506+00:00", "level": "ERROR", "message": "Worker main loop failed", "error": "ConnectionError(MaxRetryError('HTTPSConnectionPool(host=\\'hppeuzpgmywjniidqatw.supabase.co\\', port=443): Max retries exceeded with url: /rest/v1/requests?select=%2A&status=in.%28NEW%2CRECEIVED%2CPENDING_QUOTE%29&order=created_at.asc&limit=10 (Caused by NameResolutionError(\"HTTPSConnection(host=\\'hppeuzpgmywjniidqatw.supabase.co\\', port=443): Failed to resolve \\'hppeuzpgmywjniidqatw.supabase.co\\' ([Errno 11001] getaddrinfo failed)\"))'))"}
{"timestamp": "2026-03-18T00:57:26.919454+00:00", "level": "ERROR", "message": "Failed to record worker heartbeat", "status": "degraded", "error": "HTTPSConnectionPool(host='hppeuzpgmywjniidqatw.supabase.co', port=443): Max retries exceeded with url: /rest/v1/worker_heartbeats (Caused by NameResolutionError(\"HTTPSConnection(host='hppeuzpgmywjniidqatw.supabase.co', port=443): Failed to resolve 'hppeuzpgmywjniidqatw.supabase.co' ([Errno 11001] getaddrinfo failed)\"))"}
{"timestamp": "2026-03-18T00:57:26.922202+00:00", "level": "INFO", "message": "Worker heartbeat", "status": "degraded", "poll_seconds": 5, "requests_per_cycle": 10, "error": "HTTPSConnectionPool(host='hppeuzpgmywjniidqatw.supabase.co', port=443): Max retries exceeded with url: /rest/v1/requests?select=%2A&status=in.%28NEW%2CRECEIVED%2CPENDING_QUOTE%29&order=created_at.asc&limit=10 (Caused by NameResolutionError(\"HTTPSConnection(host='hppeuzpgmywjniidqatw.supabase.co', port=443): Failed to resolve 'hppeuzpgmywjniidqatw.supabase.co' ([Errno 11001] getaddrinfo failed)\"))"}
{"timestamp": "2026-03-18T00:57:26.923221+00:00", "level": "ERROR", "message": "Worker main loop failed", "error": "ConnectionError(MaxRetryError('HTTPSConnectionPool(host=\\'hppeuzpgmywjniidqatw.supabase.co\\', port=443): Max retries exceeded with url: /rest/v1/requests?select=%2A&status=in.%28NEW%2CRECEIVED%2CPENDING_QUOTE%29&order=created_at.asc&limit=10 (Caused by NameResolutionError(\"HTTPSConnection(host=\\'hppeuzpgmywjniidqatw.supabase.co\\', port=443): Failed to resolve \\'hppeuzpgmywjniidqatw.supabase.co\\' ([Errno 11001] getaddrinfo failed)\"))'))"}
{"timestamp": "2026-03-18T00:57:41.915444+00:00", "level": "ERROR", "message": "Failed to record worker heartbeat", "status": "degraded", "error": "HTTPSConnectionPool(host='hppeuzpgmywjniidqatw.supabase.co', port=443): Max retries exceeded with url: /rest/v1/worker_heartbeats (Caused by NameResolutionError(\"HTTPSConnection(host='hppeuzpgmywjniidqatw.supabase.co', port=443): Failed to resolve 'hppeuzpgmywjniidqatw.supabase.co' ([Errno 11001] getaddrinfo failed)\"))"}
{"timestamp": "2026-03-18T00:57:41.918249+00:00", "level": "INFO", "message": "Worker heartbeat", "status": "degraded", "poll_seconds": 5, "requests_per_cycle": 10, "error": "HTTPSConnectionPool(host='hppeuzpgmywjniidqatw.supabase.co', port=443): Max retries exceeded with url: /rest/v1/requests?select=%2A&status=in.%28NEW%2CRECEIVED%2CPENDING_QUOTE%29&order=created_at.asc&limit=10 (Caused by NameResolutionError(\"HTTPSConnection(host='hppeuzpgmywjniidqatw.supabase.co', port=443): Failed to resolve 'hppeuzpgmywjniidqatw.supabase.co' ([Errno 11001] getaddrinfo failed)\"))"}
{"timestamp": "2026-03-18T00:57:41.919274+00:00", "level": "ERROR", "message": "Worker main loop failed", "error": "ConnectionError(MaxRetryError('HTTPSConnectionPool(host=\\'hppeuzpgmywjniidqatw.supabase.co\\', port=443): Max retries exceeded with url: /rest/v1/requests?select=%2A&status=in.%28NEW%2CRECEIVED%2CPENDING_QUOTE%29&order=created_at.asc&limit=10 (Caused by NameResolutionError(\"HTTPSConnection(host=\\'hppeuzpgmywjniidqatw.supabase.co\\', port=443): Failed to resolve \\'hppeuzpgmywjniidqatw.supabase.co\\' ([Errno 11001] getaddrinfo failed)\"))'))"}
{"timestamp": "2026-03-18T00:57:56.427110+00:00", "level": "ERROR", "message": "Failed to record worker heartbeat", "status": "degraded", "error": "HTTPSConnectionPool(host='hppeuzpgmywjniidqatw.supabase.co', port=443): Max retries exceeded with url: /rest/v1/worker_heartbeats (Caused by NameResolutionError(\"HTTPSConnection(host='hppeuzpgmywjniidqatw.supabase.co', port=443): Failed to resolve 'hppeuzpgmywjniidqatw.supabase.co' ([Errno 11001] getaddrinfo failed)\"))"}
{"timestamp": "2026-03-18T00:57:56.429988+00:00", "level": "INFO", "message": "Worker heartbeat", "status": "degraded", "poll_seconds": 5, "requests_per_cycle": 10, "error": "HTTPSConnectionPool(host='hppeuzpgmywjniidqatw.supabase.co', port=443): Max retries exceeded with url: /rest/v1/requests?select=%2A&status=in.%28NEW%2CRECEIVED%2CPENDING_QUOTE%29&order=created_at.asc&limit=10 (Caused by NameResolutionError(\"HTTPSConnection(host='hppeuzpgmywjniidqatw.supabase.co', port=443): Failed to resolve 'hppeuzpgmywjniidqatw.supabase.co' ([Errno 11001] getaddrinfo failed)\"))"}
{"timestamp": "2026-03-18T00:57:56.431026+00:00", "level": "ERROR", "message": "Worker main loop failed", "error": "ConnectionError(MaxRetryError('HTTPSConnectionPool(host=\\'hppeuzpgmywjniidqatw.supabase.co\\', port=443): Max retries exceeded with url: /rest/v1/requests?select=%2A&status=in.%28NEW%2CRECEIVED%2CPENDING_QUOTE%29&order=created_at.asc&limit=10 (Caused by NameResolutionError(\"HTTPSConnection(host=\\'hppeuzpgmywjniidqatw.supabase.co\\', port=443): Failed to resolve \\'hppeuzpgmywjniidqatw.supabase.co\\' ([Errno 11001] getaddrinfo failed)\"))'))"}
{"timestamp": "2026-03-18T00:58:10.288339+00:00", "level": "ERROR", "message": "Failed to record worker heartbeat", "status": "degraded", "error": "HTTPSConnectionPool(host='hppeuzpgmywjniidqatw.supabase.co', port=443): Max retries exceeded with url: /rest/v1/worker_heartbeats (Caused by NameResolutionError(\"HTTPSConnection(host='hppeuzpgmywjniidqatw.supabase.co', port=443): Failed to resolve 'hppeuzpgmywjniidqatw.supabase.co' ([Errno 11001] getaddrinfo failed)\"))"}
{"timestamp": "2026-03-18T00:58:10.289323+00:00", "level": "INFO", "message": "Worker heartbeat", "status": "degraded", "poll_seconds": 5, "requests_per_cycle": 10, "error": "HTTPSConnectionPool(host='hppeuzpgmywjniidqatw.supabase.co', port=443): Max retries exceeded with url: /rest/v1/requests?select=%2A&status=in.%28NEW%2CRECEIVED%2CPENDING_QUOTE%29&order=created_at.asc&limit=10 (Caused by NameResolutionError(\"HTTPSConnection(host='hppeuzpgmywjniidqatw.supabase.co', port=443): Failed to resolve 'hppeuzpgmywjniidqatw.supabase.co' ([Errno 11001] getaddrinfo failed)\"))"}
{"timestamp": "2026-03-18T00:58:10.290342+00:00", "level": "ERROR", "message": "Worker main loop failed", "error": "ConnectionError(MaxRetryError('HTTPSConnectionPool(host=\\'hppeuzpgmywjniidqatw.supabase.co\\', port=443): Max retries exceeded with url: /rest/v1/requests?select=%2A&status=in.%28NEW%2CRECEIVED%2CPENDING_QUOTE%29&order=created_at.asc&limit=10 (Caused by NameResolutionError(\"HTTPSConnection(host=\\'hppeuzpgmywjniidqatw.supabase.co\\', port=443): Failed to resolve \\'hppeuzpgmywjniidqatw.supabase.co\\' ([Errno 11001] getaddrinfo failed)\"))'))"}
{"timestamp": "2026-03-18T00:58:25.354746+00:00", "level": "ERROR", "message": "Failed to record worker heartbeat", "status": "degraded", "error": "HTTPSConnectionPool(host='hppeuzpgmywjniidqatw.supabase.co', port=443): Max retries exceeded with url: /rest/v1/worker_heartbeats (Caused by NameResolutionError(\"HTTPSConnection(host='hppeuzpgmywjniidqatw.supabase.co', port=443): Failed to resolve 'hppeuzpgmywjniidqatw.supabase.co' ([Errno 11001] getaddrinfo failed)\"))"}
{"timestamp": "2026-03-18T00:58:25.357415+00:00", "level": "INFO", "message": "Worker heartbeat", "status": "degraded", "poll_seconds": 5, "requests_per_cycle": 10, "error": "HTTPSConnectionPool(host='hppeuzpgmywjniidqatw.supabase.co', port=443): Max retries exceeded with url: /rest/v1/requests?select=%2A&status=in.%28NEW%2CRECEIVED%2CPENDING_QUOTE%29&order=created_at.asc&limit=10 (Caused by NameResolutionError(\"HTTPSConnection(host='hppeuzpgmywjniidqatw.supabase.co', port=443): Failed to resolve 'hppeuzpgmywjniidqatw.supabase.co' ([Errno 11001] getaddrinfo failed)\"))"}
{"timestamp": "2026-03-18T00:58:25.358417+00:00", "level": "ERROR", "message": "Worker main loop failed", "error": "ConnectionError(MaxRetryError('HTTPSConnectionPool(host=\\'hppeuzpgmywjniidqatw.supabase.co\\', port=443): Max retries exceeded with url: /rest/v1/requests?select=%2A&status=in.%28NEW%2CRECEIVED%2CPENDING_QUOTE%29&order=created_at.asc&limit=10 (Caused by NameResolutionError(\"HTTPSConnection(host=\\'hppeuzpgmywjniidqatw.supabase.co\\', port=443): Failed to resolve \\'hppeuzpgmywjniidqatw.supabase.co\\' ([Errno 11001] getaddrinfo failed)\"))'))"}
{"timestamp": "2026-03-18T00:58:39.234047+00:00", "level": "ERROR", "message": "Failed to record worker heartbeat", "status": "degraded", "error": "HTTPSConnectionPool(host='hppeuzpgmywjniidqatw.supabase.co', port=443): Max retries exceeded with url: /rest/v1/worker_heartbeats (Caused by NameResolutionError(\"HTTPSConnection(host='hppeuzpgmywjniidqatw.supabase.co', port=443): Failed to resolve 'hppeuzpgmywjniidqatw.supabase.co' ([Errno 11001] getaddrinfo failed)\"))"}
{"timestamp": "2026-03-18T00:58:39.236794+00:00", "level": "INFO", "message": "Worker heartbeat", "status": "degraded", "poll_seconds": 5, "requests_per_cycle": 10, "error": "HTTPSConnectionPool(host='hppeuzpgmywjniidqatw.supabase.co', port=443): Max retries exceeded with url: /rest/v1/requests?select=%2A&status=in.%28NEW%2CRECEIVED%2CPENDING_QUOTE%29&order=created_at.asc&limit=10 (Caused by NameResolutionError(\"HTTPSConnection(host='hppeuzpgmywjniidqatw.supabase.co', port=443): Failed to resolve 'hppeuzpgmywjniidqatw.supabase.co' ([Errno 11001] getaddrinfo failed)\"))"}
{"timestamp": "2026-03-18T00:58:39.238150+00:00", "level": "ERROR", "message": "Worker main loop failed", "error": "ConnectionError(MaxRetryError('HTTPSConnectionPool(host=\\'hppeuzpgmywjniidqatw.supabase.co\\', port=443): Max retries exceeded with url: /rest/v1/requests?select=%2A&status=in.%28NEW%2CRECEIVED%2CPENDING_QUOTE%29&order=created_at.asc&limit=10 (Caused by NameResolutionError(\"HTTPSConnection(host=\\'hppeuzpgmywjniidqatw.supabase.co\\', port=443): Failed to resolve \\'hppeuzpgmywjniidqatw.supabase.co\\' ([Errno 11001] getaddrinfo failed)\"))'))"}
{"timestamp": "2026-03-18T00:58:53.735733+00:00", "level": "ERROR", "message": "Failed to record worker heartbeat", "status": "degraded", "error": "HTTPSConnectionPool(host='hppeuzpgmywjniidqatw.supabase.co', port=443): Max retries exceeded with url: /rest/v1/worker_heartbeats (Caused by NameResolutionError(\"HTTPSConnection(host='hppeuzpgmywjniidqatw.supabase.co', port=443): Failed to resolve 'hppeuzpgmywjniidqatw.supabase.co' ([Errno 11001] getaddrinfo failed)\"))"}
{"timestamp": "2026-03-18T00:58:53.736821+00:00", "level": "INFO", "message": "Worker heartbeat", "status": "degraded", "poll_seconds": 5, "requests_per_cycle": 10, "error": "HTTPSConnectionPool(host='hppeuzpgmywjniidqatw.supabase.co', port=443): Max retries exceeded with url: /rest/v1/requests?select=%2A&status=in.%28NEW%2CRECEIVED%2CPENDING_QUOTE%29&order=created_at.asc&limit=10 (Caused by NameResolutionError(\"HTTPSConnection(host='hppeuzpgmywjniidqatw.supabase.co', port=443): Failed to resolve 'hppeuzpgmywjniidqatw.supabase.co' ([Errno 11001] getaddrinfo failed)\"))"}
{"timestamp": "2026-03-18T00:58:53.737727+00:00", "level": "ERROR", "message": "Worker main loop failed", "error": "ConnectionError(MaxRetryError('HTTPSConnectionPool(host=\\'hppeuzpgmywjniidqatw.supabase.co\\', port=443): Max retries exceeded with url: /rest/v1/requests?select=%2A&status=in.%28NEW%2CRECEIVED%2CPENDING_QUOTE%29&order=created_at.asc&limit=10 (Caused by NameResolutionError(\"HTTPSConnection(host=\\'hppeuzpgmywjniidqatw.supabase.co\\', port=443): Failed to resolve \\'hppeuzpgmywjniidqatw.supabase.co\\' ([Errno 11001] getaddrinfo failed)\"))'))"}
{"timestamp": "2026-03-18T00:59:08.453634+00:00", "level": "ERROR", "message": "Failed to record worker heartbeat", "status": "degraded", "error": "HTTPSConnectionPool(host='hppeuzpgmywjniidqatw.supabase.co', port=443): Max retries exceeded with url: /rest/v1/worker_heartbeats (Caused by NameResolutionError(\"HTTPSConnection(host='hppeuzpgmywjniidqatw.supabase.co', port=443): Failed to resolve 'hppeuzpgmywjniidqatw.supabase.co' ([Errno 11001] getaddrinfo failed)\"))"}
{"timestamp": "2026-03-18T00:59:08.456287+00:00", "level": "INFO", "message": "Worker heartbeat", "status": "degraded", "poll_seconds": 5, "requests_per_cycle": 10, "error": "HTTPSConnectionPool(host='hppeuzpgmywjniidqatw.supabase.co', port=443): Max retries exceeded with url: /rest/v1/requests?select=%2A&status=in.%28NEW%2CRECEIVED%2CPENDING_QUOTE%29&order=created_at.asc&limit=10 (Caused by NameResolutionError(\"HTTPSConnection(host='hppeuzpgmywjniidqatw.supabase.co', port=443): Failed to resolve 'hppeuzpgmywjniidqatw.supabase.co' ([Errno 11001] getaddrinfo failed)\"))"}
{"timestamp": "2026-03-18T00:59:08.457620+00:00", "level": "ERROR", "message": "Worker main loop failed", "error": "ConnectionError(MaxRetryError('HTTPSConnectionPool(host=\\'hppeuzpgmywjniidqatw.supabase.co\\', port=443): Max retries exceeded with url: /rest/v1/requests?select=%2A&status=in.%28NEW%2CRECEIVED%2CPENDING_QUOTE%29&order=created_at.asc&limit=10 (Caused by NameResolutionError(\"HTTPSConnection(host=\\'hppeuzpgmywjniidqatw.supabase.co\\', port=443): Failed to resolve \\'hppeuzpgmywjniidqatw.supabase.co\\' ([Errno 11001] getaddrinfo failed)\"))'))"}
{"timestamp": "2026-03-18T00:59:23.832885+00:00", "level": "ERROR", "message": "Failed to record worker heartbeat", "status": "degraded", "error": "HTTPSConnectionPool(host='hppeuzpgmywjniidqatw.supabase.co', port=443): Max retries exceeded with url: /rest/v1/worker_heartbeats (Caused by NameResolutionError(\"HTTPSConnection(host='hppeuzpgmywjniidqatw.supabase.co', port=443): Failed to resolve 'hppeuzpgmywjniidqatw.supabase.co' ([Errno 11001] getaddrinfo failed)\"))"}
{"timestamp": "2026-03-18T00:59:23.833375+00:00", "level": "INFO", "message": "Worker heartbeat", "status": "degraded", "poll_seconds": 5, "requests_per_cycle": 10, "error": "HTTPSConnectionPool(host='hppeuzpgmywjniidqatw.supabase.co', port=443): Max retries exceeded with url: /rest/v1/requests?select=%2A&status=in.%28NEW%2CRECEIVED%2CPENDING_QUOTE%29&order=created_at.asc&limit=10 (Caused by NameResolutionError(\"HTTPSConnection(host='hppeuzpgmywjniidqatw.supabase.co', port=443): Failed to resolve 'hppeuzpgmywjniidqatw.supabase.co' ([Errno 11001] getaddrinfo failed)\"))"}
{"timestamp": "2026-03-18T00:59:23.833696+00:00", "level": "ERROR", "message": "Worker main loop failed", "error": "ConnectionError(MaxRetryError('HTTPSConnectionPool(host=\\'hppeuzpgmywjniidqatw.supabase.co\\', port=443): Max retries exceeded with url: /rest/v1/requests?select=%2A&status=in.%28NEW%2CRECEIVED%2CPENDING_QUOTE%29&order=created_at.asc&limit=10 (Caused by NameResolutionError(\"HTTPSConnection(host=\\'hppeuzpgmywjniidqatw.supabase.co\\', port=443): Failed to resolve \\'hppeuzpgmywjniidqatw.supabase.co\\' ([Errno 11001] getaddrinfo failed)\"))'))"}
{"timestamp": "2026-03-18T02:24:27.430950+00:00", "level": "INFO", "message": "Worker heartbeat", "status": "online", "poll_seconds": 5, "requests_per_cycle": 10}
{"timestamp": "2026-03-18T02:25:29.665082+00:00", "level": "INFO", "message": "Worker heartbeat", "status": "online", "poll_seconds": 5, "requests_per_cycle": 10}
{"timestamp": "2026-03-18T02:26:33.400720+00:00", "level": "INFO", "message": "Worker heartbeat", "status": "online", "poll_seconds": 5, "requests_per_cycle": 10}
{"timestamp": "2026-03-18T02:27:36.075759+00:00", "level": "INFO", "message": "Worker heartbeat", "status": "online", "poll_seconds": 5, "requests_per_cycle": 10}
{"timestamp": "2026-03-18T02:28:38.623133+00:00", "level": "INFO", "message": "Worker heartbeat", "status": "online", "poll_seconds": 5, "requests_per_cycle": 10}
{"timestamp": "2026-03-18T02:29:40.845023+00:00", "level": "INFO", "message": "Worker heartbeat", "status": "online", "poll_seconds": 5, "requests_per_cycle": 10}
{"timestamp": "2026-03-18T02:30:43.191560+00:00", "level": "INFO", "message": "Worker heartbeat", "status": "online", "poll_seconds": 5, "requests_per_cycle": 10}
{"timestamp": "2026-03-18T02:31:47.319508+00:00", "level": "INFO", "message": "Worker heartbeat", "status": "online", "poll_seconds": 5, "requests_per_cycle": 10}
{"timestamp": "2026-03-18T02:32:49.871793+00:00", "level": "INFO", "message": "Worker heartbeat", "status": "online", "poll_seconds": 5, "requests_per_cycle": 10}
{"timestamp": "2026-03-18T02:33:51.484121+00:00", "level": "INFO", "message": "Worker heartbeat", "status": "online", "poll_seconds": 5, "requests_per_cycle": 10}
{"timestamp": "2026-03-18T02:34:53.886704+00:00", "level": "INFO", "message": "Worker heartbeat", "status": "online", "poll_seconds": 5, "requests_per_cycle": 10}
{"timestamp": "2026-03-18T02:35:55.705934+00:00", "level": "INFO", "message": "Worker heartbeat", "status": "online", "poll_seconds": 5, "requests_per_cycle": 10}
{"timestamp": "2026-03-18T02:36:57.633150+00:00", "level": "INFO", "message": "Worker heartbeat", "status": "online", "poll_seconds": 5, "requests_per_cycle": 10}
{"timestamp": "2026-03-18T02:37:59.264547+00:00", "level": "INFO", "message": "Worker heartbeat", "status": "online", "poll_seconds": 5, "requests_per_cycle": 10}
{"timestamp": "2026-03-18T02:39:01.492143+00:00", "level": "INFO", "message": "Worker heartbeat", "status": "online", "poll_seconds": 5, "requests_per_cycle": 10}
{"timestamp": "2026-03-18T02:40:04.279959+00:00", "level": "INFO", "message": "Worker heartbeat", "status": "online", "poll_seconds": 5, "requests_per_cycle": 10}
{"timestamp": "2026-03-18T02:41:06.595525+00:00", "level": "INFO", "message": "Worker heartbeat", "status": "online", "poll_seconds": 5, "requests_per_cycle": 10}
{"timestamp": "2026-03-18T02:42:09.147916+00:00", "level": "INFO", "message": "Worker heartbeat", "status": "online", "poll_seconds": 5, "requests_per_cycle": 10}
{"timestamp": "2026-03-18T02:43:12.545032+00:00", "level": "INFO", "message": "Worker heartbeat", "status": "online", "poll_seconds": 5, "requests_per_cycle": 10}
{"timestamp": "2026-03-18T02:44:14.113169+00:00", "level": "INFO", "message": "Worker heartbeat", "status": "online", "poll_seconds": 5, "requests_per_cycle": 10}
{"timestamp": "2026-03-18T02:45:16.698797+00:00", "level": "INFO", "message": "Worker heartbeat", "status": "online", "poll_seconds": 5, "requests_per_cycle": 10}
{"timestamp": "2026-03-18T02:46:18.391797+00:00", "level": "INFO", "message": "Worker heartbeat", "status": "online", "poll_seconds": 5, "requests_per_cycle": 10}
{"timestamp": "2026-03-18T02:47:21.441463+00:00", "level": "INFO", "message": "Worker heartbeat", "status": "online", "poll_seconds": 5, "requests_per_cycle": 10}
{"timestamp": "2026-03-18T02:48:23.131774+00:00", "level": "INFO", "message": "Worker heartbeat", "status": "online", "poll_seconds": 5, "requests_per_cycle": 10}
{"timestamp": "2026-03-18T02:49:25.599359+00:00", "level": "INFO", "message": "Worker heartbeat", "status": "online", "poll_seconds": 5, "requests_per_cycle": 10}
{"timestamp": "2026-03-18T02:50:27.214380+00:00", "level": "INFO", "message": "Worker heartbeat", "status": "online", "poll_seconds": 5, "requests_per_cycle": 10}
{"timestamp": "2026-03-18T02:51:29.375204+00:00", "level": "INFO", "message": "Worker heartbeat", "status": "online", "poll_seconds": 5, "requests_per_cycle": 10}
{"timestamp": "2026-03-18T02:52:31.768187+00:00", "level": "INFO", "message": "Worker heartbeat", "status": "online", "poll_seconds": 5, "requests_per_cycle": 10}
{"timestamp": "2026-03-18T02:53:32.934130+00:00", "level": "INFO", "message": "Worker heartbeat", "status": "online", "poll_seconds": 5, "requests_per_cycle": 10}
{"timestamp": "2026-03-18T02:54:35.028240+00:00", "level": "INFO", "message": "Worker heartbeat", "status": "online", "poll_seconds": 5, "requests_per_cycle": 10}
{"timestamp": "2026-03-18T02:55:36.868839+00:00", "level": "INFO", "message": "Worker heartbeat", "status": "online", "poll_seconds": 5, "requests_per_cycle": 10}
{"timestamp": "2026-03-18T02:56:38.693307+00:00", "level": "INFO", "message": "Worker heartbeat", "status": "online", "poll_seconds": 5, "requests_per_cycle": 10}
{"timestamp": "2026-03-18T02:57:40.734722+00:00", "level": "INFO", "message": "Worker heartbeat", "status": "online", "poll_seconds": 5, "requests_per_cycle": 10}
{"timestamp": "2026-03-18T02:58:42.444467+00:00", "level": "INFO", "message": "Worker heartbeat", "status": "online", "poll_seconds": 5, "requests_per_cycle": 10}
{"timestamp": "2026-03-18T02:59:44.344169+00:00", "level": "INFO", "message": "Worker heartbeat", "status": "online", "poll_seconds": 5, "requests_per_cycle": 10}
{"timestamp": "2026-03-18T03:00:46.800206+00:00", "level": "INFO", "message": "Worker heartbeat", "status": "online", "poll_seconds": 5, "requests_per_cycle": 10}
